welcome: TRANSLATED
  Original: Welcome to Bloodcraft
  Result: 歡迎來到血手
WARNING profession-improved: token order differs (expected ['0', '1', '2', '3'], got ['2', '0', '3', '1'])
profession-improved: TRANSLATED
  Original: {0} improved to [<color=white>{1}</color>]
  Result: {0} 改进到<color=white>{1}</color>
WARNING profession-proficiency-gain: token order differs (expected ['0', '1', '2', '3', '4', '5', '6', '7', '8'], got ['0', '6', '1', '2', '3', '7', '4', '8', '5'])
profession-proficiency-gain: TRANSLATED
  Original: +<color=yellow>{0}</color> <color=#FFC0CB>proficiency</color> in {1} (<color=white>{2}%</color>)
  Result: + <color=yellow>{0}</color><color=#FFC0CB></color> 在{1} (<color=white>{2}% </color>)
WARNING profession-bonus-received: token order differs (expected ['0', '1', '2', '3', '4', '5', '6'], got ['0', '4', '1', '2', '5', '3', '6'])
profession-bonus-received: TRANSLATED
  Original: <color=green>{0}</color>x<color=white>{1}</color> received from {2}
  Result: <color=green>{0}</color>x <color=white>{1}</color> 收自{2}
WARNING profession-gold-ore-received: token order differs (expected ['0', '1', '2', '3', '4', '5'], got ['0', '1', '2', '4', '3', '5'])
profession-gold-ore-received: TRANSLATED
  Original: <color=green>Gold Ore</color>x<color=white>{0}</color> received from {1}
  Result: <color=green> 黄金</color>x <color=white>{0}</color> 收自{1}
WARNING profession-gold-ore-dropped: token order differs (expected ['0', '1', '2', '3', '4', '5'], got ['0', '1', '2', '4', '3', '5'])
profession-gold-ore-dropped: TRANSLATED
  Original: <color=green>Gold Ore</color>x<color=white>{0}</color> received from {1}, but it dropped on the ground since your inventory is full.
  Result: <color=green> 金奧雷 </color>x <color=white>{0}</color> 從{1} 接收到,但自你的清查量滿了,它就落在地上。
WARNING profession-radiant-fiber-received: token order differs (expected ['0', '1', '2', '3', '4', '5'], got ['0', '1', '2', '4', '3', '5'])
profession-radiant-fiber-received: TRANSLATED
  Original: <color=green>Radiant Fiber</color>x<color=white>{0}</color> received from {1}
  Result: <color=green></color>x <color=white>{0}</color> 從{1}收到
WARNING profession-radiant-fiber-dropped: token order differs (expected ['0', '1', '2', '3', '4', '5'], got ['0', '1', '2', '4', '3', '5'])
profession-radiant-fiber-dropped: TRANSLATED
  Original: <color=green>Radiant Fiber</color>x<color=white>{0}</color> received from {1}, but it dropped on the ground since your inventory is full.
  Result: <color=green> Radiant Fiber </color>x <color=white>{0}</color> 從{1} 接收,但自您的數據已滿, 已落地。
WARNING profession-bonus-seeds-received: token order differs (expected ['0', '1', '2', '3', '4', '5'], got ['0', '1', '2', '4', '3', '5'])
profession-bonus-seeds-received: TRANSLATED
  Original: <color=green>Bonus Seed(s)</color>x<color=white>{0}</color> received from {1}!
  Result: <color=green> Bonus种子</color>x <color=white>{0}</color> 收自{1}!
WARNING profession-bonus-seeds-dropped: token order differs (expected ['0', '1', '2', '3', '4', '5'], got ['0', '1', '2', '4', '3', '5'])
profession-bonus-seeds-dropped: TRANSLATED
  Original: <color=green>Bonus Seed(s)</color>x<color=white>{0}</color> received from {1}, but some fell on the ground since your inventory is full.
  Result: <color=green> Bonus种子 </color>x <color=white>{0}</color> 從{1}收到,但有些自你的數據滿了就掉到地上。
WARNING profession-bonus-saplings-received: token order differs (expected ['0', '1', '2', '3', '4', '5'], got ['0', '1', '2', '4', '3', '5'])
profession-bonus-saplings-received: TRANSLATED
  Original: <color=green>Bonus Saplings(s)</color>x<color=white>{0}</color> received from {1}!
  Result: <color=green> Bonus saplings </color>x <color=white>{0}</color> 從{1}收到!
WARNING profession-bonus-saplings-dropped: token order differs (expected ['0', '1', '2', '3', '4', '5'], got ['0', '1', '2', '4', '3', '5'])
profession-bonus-saplings-dropped: TRANSLATED
  Original: <color=green>Bonus Saplings(s)</color>x<color=white>{0}</color> received from {1}, but some fell on the ground since your inventory is full.
  Result: <color=green> Bonus saplings </color>x <color=white>{0}</color> 從{1}收到,但有些自你的清查量已滿而倒在地上。
WARNING profession-mutant-grease-received: token order differs (expected ['0', '1', '2', '3', '4', '5'], got ['0', '1', '2', '4', '3', '5'])
profession-mutant-grease-received: TRANSLATED
  Original: <color=green>Mutant Grease</color>x<color=white>{0}</color> received from {1}
  Result: <color=green> 混合油脂</color>x <color=white>{0}</color> 收自{1}
WARNING profession-mutant-grease-dropped: token order differs (expected ['0', '1', '2', '3', '4', '5'], got ['0', '1', '2', '4', '3', '5'])
profession-mutant-grease-dropped: TRANSLATED
  Original: <color=green>Mutant Grease</color>x<color=white>{0}</color> received from {1}, but it dropped on the ground since your inventory is full.
  Result: <color=green> 有毒油 </color>x <color=white>{0}</color> 從{1} 接收到,但自您的清查量滿了,它就掉到地上。
quest-daily-refreshed: TRANSLATED
  Original: Your <color=#00FFFF>Daily Quest</color> has been refreshed!
  Result: 您的 <color=#00FFFF> 每日查詢 </color> 已刷新 !
quest-weekly-refreshed: TRANSLATED
  Original: Your <color=#BF40BF>Weekly Quest</color> has been refreshed!
  Result: 您的 <color=#BF40BF> 網絡追蹤 </color> 已刷新 !
quest-new-daily: SKIPPED (token mismatch (expected ['0', '1', '2', '3', '4', '5', '6', '7', '8', '9', '10', '11', '12', '13', '14', '15', '16'], got ['0', '2', '12', '3', '4', '13', '5', '6', '14', '7', '8', '15', '9', '10', '16', '11']))
  Original: New <color=#00FFFF>Daily Quest</color> available: <color=green>{0}</color> <color=white>{1}</color>x<color=#FFC0CB>{2}</color> [<color=white>{3}</color>/<color=yellow>{2}</color>]
  Result: 新增 [[TOKEN_0]] 每日查询 [[TOKEN_2]][[TOKEN_12]][[TOKEN_3]][[TOKEN_4]][[TOKEN_13]][[TOKEN_5]] x [[TOKEN_6]][[TOKEN_14]][[TOKEN_7]][[TOKEN_8]][[TOKEN_15]][[TOKEN_9]]/[[TOKEN_10]][[TOKEN_16]][[TOKEN_11]]
WARNING quest-reward-received: token order differs (expected ['0', '1', '2', '3', '4', '5', '6'], got ['0', '4', '1', '2', '5', '3', '6'])
quest-reward-received: TRANSLATED
  Original: You've received <color=#ffd9eb>{0}</color>x<color=white>{1}</color> for completing your {2}!
  Result: <color=#ffd9eb>{0}</color> x <color=white>{1}</color> 完成你的{2}!
WARNING quest-reward-dropped: token order differs (expected ['0', '1', '2', '3', '4', '5', '6'], got ['0', '4', '1', '2', '5', '3', '6'])
quest-reward-dropped: TRANSLATED
  Original: You've received <color=#ffd9eb>{0}</color>x<color=white>{1}</color> for completing your {2}! It dropped on the ground because your inventory was full.
  Result: <color=#ffd9eb>{0}</color> x <color=white>{1}</color> 完成你的{2}! 它掉在地上 因為你的數據滿了
2761093386: TRANSLATED
  Original: Battle Group - {familiarReply}
  Result: 戰鬥群組 - {familiarReply}
3158650477: TRANSLATED
  Original: No familiars in battle group!
  Result: 在戰鬥群組里沒有熟人!
2932385107: TRANSLATED
  Original: Targets have all been killed, give them a chance to respawn!
  Result: 目標都死了 給他們一次重生的機會
1076291728: TRANSLATED
  Original: Use the VBlood menu to track bosses!
  Result: 用 VBloud 選單追蹤老闆!
1420278477: TRANSLATED
  Original: Tracking is only available for incomplete kill quests.
  Result: 追蹤只能做不完全的殺人任務
3546356968: TRANSLATED
  Original: Invalid unit prefab (match found but does not start with CHAR/char).
  Result: 不合法的單位 prefab( 找到匹配但不從 CHAR/ char 開始) 。
WARNING 2886300456: token order differs (expected ['0', '1', '2', '3', '4', '5'], got ['0', '4', '1', '2', '5', '3'])
2886300456: TRANSLATED
  Original: <color=green>{new PrefabGUID(prefabHash).GetLocalizedName()}</color> added to <color=white>{activeBox}</color>.
  Result: <color=green>{new PrefabGUID(prefabHash).GetLocalizedName()}</color> 加入<color=white>{activeBox}</color>。
2169578147: TRANSLATED
  Original: Invalid unit name (match found but does not start with CHAR/char).
  Result: 不合法的單位名稱( 找到匹配但不從 CHAR/ char 開始 ) 。
WARNING 2151120362: token order differs (expected ['0', '1', '2', '3', '4', '5', '6', '7', '8'], got ['0', '6', '1', '2', '7', '3', '4', '8', '5'])
2151120362: TRANSLATED
  Original: <color=green>{match.GetLocalizedName()}</color> (<color=yellow>{match.GuidHash}</color>) added to <color=white>{activeBox}</color>.
  Result: <color=green>{match.GetLocalizedName()}</color>(<color=yellow>{match.GuidHash}</color>) 添加到<color=white>{activeBox}</color> 。
223311103: TRANSLATED
  Original: Invalid unit name (no full or partial matches).
  Result: 不合法的單位名稱( 沒有完全匹配或部分匹配 ) 。
2155028867: TRANSLATED
  Original: Invalid prefab (not an integer) or name (does not start with CHAR/char).
  Result: 無效的 prefab( 不是整數) 或名稱( 不從 CHAR/ char 開始 ) 。
3102592194: TRANSLATED
  Original: Couldn't find active familiar!
  Result: 感覺不太熟!
WARNING 1057342822: token order differs (expected ['0', '1', '2'], got ['0', '2', '1'])
1057342822: TRANSLATED
  Original: Your familiar has already prestiged the maximum number of times! (<color=white>{ConfigService.MaxFamiliarPrestiges}</color>)
  Result: 你熟悉的已經聲名大噪了! (<color=white>{ConfigService.MaxFamiliarPrestiges}</color>)
2689850927: TRANSLATED
  Original: Invalid familiar prestige stat type, use '<color=white>.fam lst</color>' to see options.
  Result: 無效的熟悉的聲望stat 類型, 使用 `<color=white>. fam lst </color> 查看選項 。
WARNING 3125006928: token order differs (expected ['0', '1', '2', '3', '4', '5', '6', '7'], got ['0', '6', '1', '2', '7', '3', '4', '5'])
3125006928: TRANSLATED
  Original: Familiar already has <color=#00FFFF>{FamiliarPrestigeStats[value]}</color> (<color=yellow>{value + 1}</color>) from prestiging, use '<color=white>.fam lst</color>' to see options.
  Result: 熟人已經有 <color=#00FFFF> {FamiliarPrestigeStats[value]} </color> (<color=yellow>{value + 1}</color> ) 從預估, 使用 '<color=white>. fam lst </color> 查看選項 。
2846646667: TRANSLATED
  Original: Invalid familiar prestige stat, use '<color=white>.fam lst</color>' to see options.
  Result: 無效的熟悉聲望stat, 使用 '<color=white>. fam lst </color>' 來查看選項 。
705325693: TRANSLATED
  Original: Familiar already has all prestige stats! ('<color=white>.fam pr</color>' instead of '<color=white>.fam pr [PrestigeStat]</color>')
  Result: 熟人已經有名聲了! (“<color=white>.fam pr </color> 而不是“<color=white>.fam pr PrestigeStat</color>”)
2844729307: SKIPPED (token mismatch (expected ['0', '1', '2'], got []))
  Original: Your familiar has prestiged [<color=#90EE90>{prestigeLevel}</color>]; the accumulated knowledge allowed them to retain their level!
  Result: 你熟悉的知識使他們得以保持自己的水平。
2712718738: SKIPPED (token mismatch (expected ['0', '1', '2', '3', '4', '5'], got ['2', '5', '3']))
  Original: Your familiar has prestiged [<color=#90EE90>{prestigeLevel}</color>]; the accumulated knowledge allowed them to retain their level! (+<color=#00FFFF>{FamiliarPrestigeStats[value]}</color>)
  Result: 你熟悉的知識使他們得以保持自己的水平! (+[[TOKEN_2]][[TOKEN_5]][[TOKEN_3]])
872190851: TRANSLATED
  Original: Failed to remove schematics from your inventory!
  Result: 從清單中移除圖片失敗 !
329722985: SKIPPED (token mismatch (expected ['0', '1', '2', '3', '4', '5'], got ['4', '1', '2', '5', '3']))
  Original: You do not have enough of the required item to change classes (<color=#ffd9eb>{item.GetLocalizedName()}</color>x<color=white>{quantity}</color>)
  Result: 您沒有足夠的項目來變更類別( Token_  [[TOKEN_4]] [[TOKEN_1]] x [[TOKEN_2]][[TOKEN_5]][[TOKEN_3]]) 。
WARNING 3466860311: token order differs (expected ['0', '1', '2', '3', '4', '5'], got ['0', '4', '1', '2', '5', '3'])
3466860311: TRANSLATED
  Original: Failed to remove enough of the item required (<color=#ffd9eb>{item.GetLocalizedName()}</color>x<color=white>{quantity}</color>)
  Result: 移除所需項目失敗 (<color=#ffd9eb>{item.GetLocalizedName()}</color>x <color=white>{quantity}</color>)
3720524051: TRANSLATED
  Original: {FormatClassName(playerClass)} passives not found!
  Result: {FormatClassName(playerClass)} 被动者找不到!
3543031585: TRANSLATED
  Original: {FormatClassName(playerClass)} passives:
  Result: {FormatClassName(playerClass)} 被动:
1106946472: SKIPPED (sentinel missing)
  Original: {replyMessage}
  Result: [[Token_0]]] [ [敲門]
2164633984: TRANSLATED
  Original: Couldn't find stat synergies for {FormatClassName(playerClass)}...
  Result: 找不到  {FormatClassName(playerClass)} 的數據合力...
1293896668: TRANSLATED
  Original: No stat synergies found for {FormatClassName(playerClass)}.
  Result: 找不到 {FormatClassName(playerClass)} 的狀態合 。
WARNING 2147420594: token order differs (expected ['0', '1', '2', '3'], got ['2', '0', '3', '1'])
2147420594: TRANSLATED
  Original: {FormatClassName(playerClass)} stat synergies [x<color=white>{ConfigService.SynergyMultiplier}</color>]:
  Result: {FormatClassName(playerClass)} 统计协同x<color=white>{ConfigService.SynergyMultiplier}</color>:
WARNING 999548370: token order differs (expected ['0', '1', '2', '3'], got ['2', '0', '3', '1'])
999548370: TRANSLATED
  Original: {FormatClassName(playerClass)} stat synergies[x<color=white>{ConfigService.SynergyMultiplier}</color>]:
  Result: {FormatClassName(playerClass)} 建立协同x<color=white>{ConfigService.SynergyMultiplier}</color>:
460602473: TRANSLATED
  Original: {FormatClassName(playerClass)} has no spells configured...
  Result:  {FormatClassName(playerClass)} 沒有設定拼字...
442755566: TRANSLATED
  Original: {FormatClassName(playerClass)} spells:
  Result: {FormatClassName(playerClass)} 拼法:
WARNING 2967576286: token order differs (expected ['0', '1', '2'], got ['0', '2', '1'])
2967576286: TRANSLATED
  Original: Shift spell: <color=#CBC3E3>{spellName}</color>
  Result: Shift 咒語 : <color=#CBC3E3> {spellName} </color>
3097011724: TRANSLATED
  Original: Invalid class, use '<color=white>.class l</color>' to see options.
  Result: 無效的類別, 使用 '<color=white>. class l </color>' 查看選項 。
1597216248: TRANSLATED
  Original: Invalid class, use <color=white>'.class l'</color> to see options.
  Result: 無效的類別, 請使用 <color=white>'. class l' </color> 來查看選項 。
2747211297: TRANSLATED
  Original: Removed all class buffs then applied current class buffs for all players.
  Result: 移除所有類別的 buff 後將目前類別 buff 套用到所有玩家 。
2761429858: TRANSLATED
  Original: Removed all class buffs for all players.
  Result: 移除所有玩家的課程 。
327031724: TRANSLATED
  Original: Active familiar already present in battle group!
  Result: 在戰鬥團隊中已經有熟人了!
WARNING 625301684: token order differs (expected ['0', '1', '2'], got ['0', '2', '1'])
625301684: TRANSLATED
  Original: Can't have more than <color=white>{MAX_BATTLE_GROUPS}</color> battle groups!
  Result: <color=white>{MAX_BATTLE_GROUPS}</color>的戰鬥群組!
WARNING 3944404979: token order differs (expected ['0', '1', '2'], got ['0', '2', '1'])
3944404979: TRANSLATED
  Original: Deleted battle group <color=white>{groupName}</color>!
  Result: 已刪除的戰鬥群組 <color=white>{groupName}</color>!
2979158417: TRANSLATED
  Original: Prestiging is not enabled.
  Result: 預覽未開啟 。
2350508902: TRANSLATED
  Original: Invalid prestige type, use <color=white>'.prestige l'</color> to see options.
  Result: 無效的聲望類型, 請使用 <color=white>'. prestige l' </color> 查看選項 。
1897692916: SKIPPED (token mismatch (expected ['0', '1'], got ['0']))
  Original: You must reach max level before <color=#90EE90>Exo</color> prestiging again.
  Result: 您必須在 [[TOKEN_0]]  重新預期前達到最大水平 。
9816116: SKIPPED (token mismatch (expected ['0', '1', '2', '3', '4'], got ['0', '2', '4', '3']))
  Original: You have reached the maximum amount of <color=#90EE90>Exo</color> prestiges. (<color=white>{EXO_PRESTIGES}</color>)
  Result: 您已達到最大  [[TOKEN_0]]  聲譽 。 ([[TOKEN_2]][[TOKEN_4]][[TOKEN_3]])
WARNING 3729714988: token order differs (expected ['0', '1', '2', '3', '4', '5'], got ['0', '4', '1', '2', '5', '3'])
3729714988: TRANSLATED
  Original: <color=#90EE90>{parsedPrestigeType}</color>[<color=white>{exoPrestiges}</color>] prestige complete!
  Result: <color=#90EE90>{parsedPrestigeType}</color><color=white>{exoPrestiges}</color>的威望完成!
WARNING 2402733055: token order differs (expected ['0', '1', '2', '3', '4', '5', '6', '7', '8', '9', '10', '11'], got ['0', '8', '1', '2', '9', '3', '4', '10', '5', '6', '11', '7'])
2402733055: TRANSLATED
  Original: <color=#90EE90>{parsedPrestigeType}</color>[<color=white>{exoPrestiges}</color>] prestige complete! You have also been awarded with <color=#ffd9eb>{exoReward.GetLocalizedName()}</color>x<color=white>{ConfigService.ExoPrestigeRewardQuantity}</color>!
  Result: <color=#90EE90>{parsedPrestigeType}</color><color=white>{exoPrestiges}</color> 威望完成! 你們也獲得了<color=#ffd9eb>{exoReward.GetLocalizedName()}</color>x<color=white>{ConfigService.ExoPrestigeRewardQuantity}</color>!
WARNING 3961332984: token order differs (expected ['0', '1', '2', '3', '4', '5', '6', '7', '8', '9', '10', '11'], got ['0', '8', '1', '2', '9', '3', '4', '10', '5', '6', '11', '7'])
3961332984: TRANSLATED
  Original: <color=#90EE90>{parsedPrestigeType}</color>[<color=white>{exoPrestiges}</color>] prestige complete! You have been awarded with <color=#ffd9eb>{exoReward.GetLocalizedName()}</color>x<color=white>{ConfigService.ExoPrestigeRewardQuantity}</color>! It dropped on the ground becuase your inventory was full though.
  Result: <color=#90EE90>{parsedPrestigeType}</color><color=white>{exoPrestiges}</color> 威望完成! 你被授予<color=#ffd9eb>{exoReward.GetLocalizedName()}</color><color=white>{ConfigService.ExoPrestigeRewardQuantity}</color>! 它掉在地上 讓你的數據滿了
145841390: SKIPPED (token mismatch (expected ['0', '1', '2', '3'], got ['0', '1']))
  Original: You must reach the maximum level in <color=#90EE90>Experience</color> prestige before <color=#90EE90>Exo</color> prestiging.
  Result: 您必須在 [[TOKEN_0]] 經驗 [[TOKEN_1]] 威望之前達到最大水平 。
2076214502: TRANSLATED
  Original: <color=#90EE90>Exo</color> prestiging is not enabled.
  Result: <color=#90EE90> Exo </color> 預覽無法啟動 。
1641131342: TRANSLATED
  Original: Invalid prestige, use <color=white>'.prestige l'</color> to see valid options.
  Result: 無效的聲譽, 使用 <color=white>'. prestige l' </color> 來查看有效的選項 。
WARNING 484801240: token order differs (expected ['0', '1', '2'], got ['0', '2', '1'])
484801240: TRANSLATED
  Original: You have not reached the required level to prestige in <color=#90EE90>{parsedPrestigeType}</color> or are at maximum prestige level.
  Result: 您尚未達到在 <color=#90EE90>{parsedPrestigeType}</color> 的威望, 或處於最高威望水平 。
WARNING 11642316: token order differs (expected ['0', '1', '2', '3', '4', '5', '6', '7', '8'], got ['0', '1', '2', '6', '3', '7', '4', '8', '5'])
11642316: TRANSLATED
  Original: Current <color=#90EE90>Exo</color> Prestige Level: <color=yellow>{exoLevel}</color>/{PrestigeTypeToMaxPrestiges[parsedPrestigeType]} | Max Form Duration: <color=green>{(int)Shapeshifts.CalculateFormDuration(exoLevel)}</color>s
  Result: 目前 <color=#90EE90></color> 預期 : <color=yellow>{exoLevel}</color>/{PrestigeTypeToMaxPrestiges[parsedPrestigeType]} 最大表期: <color=green>{(int)Shapeshifts.CalculateFormDuration(exoLevel)}</color>s
WARNING 836746607: token order differs (expected ['0', '1', '2'], got ['0', '2', '1'])
836746607: TRANSLATED
  Original: Enough charge to maintain form for <color=white>{(int)exoFormData.Value}</color>s
  Result: 足以維持 <color=white>{(int)exoFormData.Value}</color>s 的表格
2332227846: TRANSLATED
  Original: You have not prestiged in <color=#90EE90>Exo</color> yet.
  Result: 您尚未在 <color=#90EE90> Exo </color> 中聲望 。
WARNING 3706109126: token order differs (expected ['0', '1', '2'], got ['0', '2', '1'])
3706109126: TRANSLATED
  Original: You have not prestiged in <color=#90EE90>{parsedPrestigeType}</color>.
  Result: 您在 <color=#90EE90>{parsedPrestigeType}</color> 中沒有聲望 。
1689690159: TRANSLATED
  Original: Couldn't find player.
  Result: 找不到玩家
WARNING 3055902112: token order differs (expected ['0', '1', '2'], got ['0', '2', '1'])
3055902112: TRANSLATED
  Original: <color=#90EE90>{parsedPrestigeType}</color> prestiging is not enabled.
  Result: <color=#90EE90>{parsedPrestigeType}</color> 預置無法啟動 。
WARNING 3468772905: token order differs (expected ['0', '1', '2', '3'], got ['0', '2', '1', '3'])
3468772905: TRANSLATED
  Original: The maximum level for <color=#90EE90>{parsedPrestigeType}</color> prestige is {PrestigeTypeToMaxPrestiges[parsedPrestigeType]}.
  Result: <color=#90EE90>{parsedPrestigeType}</color> 威望的最大水平是{PrestigeTypeToMaxPrestiges[parsedPrestigeType]}。
WARNING 3343555659: token order differs (expected ['0', '1', '2', '3', '4', '5', '6', '7', '8'], got ['0', '6', '1', '2', '7', '3', '4', '8', '5'])
3343555659: TRANSLATED
  Original: Player <color=green>{playerInfo.User.CharacterName.Value}</color> has been set to level <color=white>{level}</color> in <color=#90EE90>{parsedPrestigeType}</color> prestige.
  Result: 玩家  <color=green> {playerInfo.User.CharacterName.Value} </color> 已被設定為 <color=white>{level}</color> 在 <color=#90EE90>{parsedPrestigeType}</color> 聲望的關卡 。
101395383: TRANSLATED
  Original: Exo prestiging is not enabled.
  Result: Exo prestiging 無法啟動 。
3878313095: TRANSLATED
  Original: Couldn't find player...
  Result: 找不到玩家...
WARNING 1411528307: token order differs (expected ['0', '1', '2', '3', '4', '5'], got ['0', '4', '1', '2', '5', '3'])
1411528307: TRANSLATED
  Original: <color=#90EE90>{parsedPrestigeType}</color> prestige reset for <color=white>{playerInfo.User.CharacterName.Value}</color>.
  Result: <color=#90EE90>{parsedPrestigeType}</color> 威望重置<color=white>{playerInfo.User.CharacterName.Value}</color>。
3318828181: TRANSLATED
  Original: Prestige buffs applied! (if they were missing)
  Result: 施展优雅布法! (如果他們失蹤)
WARNING 830139985: token order differs (expected ['0', '1', '2'], got ['0', '2', '1'])
830139985: TRANSLATED
  Original: You have not prestiged in <color=#90EE90>{PrestigeType.Experience}</color>.
  Result: 您在 <color=#90EE90>{PrestigeType.Experience}</color> 中沒有聲望 。
2461283441: TRANSLATED
  Original: Prestiges:
  Result: 封面 :
3320998835: SKIPPED (sentinel missing)
  Original: {prestiges}
  Result: [[Token_0]]] [ [敲門]
947905559: TRANSLATED
  Original: Leaderboards are not enabled.
  Result: 領導板沒有開啟 。
WARNING 1182925736: token order differs (expected ['0', '1', '2'], got ['0', '2', '1'])
1182925736: TRANSLATED
  Original: No players have prestiged in <color=#90EE90>{parsedPrestigeType}</color> yet!
  Result: 沒有球員在<color=#90EE90>{parsedPrestigeType}</color>中享有威望!
1687700552: TRANSLATED
  Original: You must consume at least one primordial essence...
  Result: 你必須消耗至少一個原始精髓...
1763729577: SKIPPED (token mismatch (expected ['0', '1', '2', '3', '4', '5', '6'], got ['0', '1', '6']))
  Original: Exo form emote action (<color=white>taunt</color>) {(GetPlayerBool(steamId, SHAPESHIFT_KEY) ? "<color=green>enabled</color>" : "<color=red>disabled</color>")}
  Result: exo form emote 動作 ([[TOKEN_0]] 突擊 [[TOKEN_1]]) ([[TOKEN_6]])
1711247206: TRANSLATED
  Original: You are not yet worthy...
  Result: 你不配...
3882215894: TRANSLATED
  Original: Invalid shapeshift! Valid options: {shapeshifts}
  Result: 不合法的變形檔 。 有效的選項 : {shapeshifts}
1884272339: TRANSLATED
  Original: You must consume Dracula's essence before manifesting his form...
  Result: 在表達德古拉的形狀前 你必須消耗德古拉的精髓
816810753: TRANSLATED
  Original: You must consume Megara's essence before manifesting her form...
  Result: 你必須先消耗Megara的精髓 然后再展示她的形狀...
WARNING 3587073963: token order differs (expected ['0', '1', '2'], got ['0', '2', '1'])
3587073963: TRANSLATED
  Original: Current Exoform: <color=white>{form}</color>
  Result: 目前排版 : <color=white> {form} </color>
WARNING 1440482998: token order differs (expected ['0', '1', '2'], got ['0', '2', '1'])
1440482998: TRANSLATED
  Original: <color=green>{playerInfo.User.CharacterName.Value}</color> added to the ignore prestige leaderboard list!
  Result: <color=green>{playerInfo.User.CharacterName.Value}</color>新增到被忽略的領導人名單中!
WARNING 2659109549: token order differs (expected ['0', '1', '2'], got ['0', '2', '1'])
2659109549: TRANSLATED
  Original: <color=green>{playerInfo.User.CharacterName.Value}</color> removed from the ignore prestige leaderboard list!
  Result: <color=green>{playerInfo.User.CharacterName.Value}</color> 從被忽略的領導人名單上移除!
2178615132: SKIPPED (token mismatch (expected ['0', '1'], got []))
  Original: Permashroud <color=green>enabled</color>!
  Result: TOMKEN_0 啟動!
1797973559: TRANSLATED
  Original: Permashroud <color=red>disabled</color>!
  Result: Permashroud  <color=red> 残疾 </color> !
985830382: TRANSLATED
  Original: Expertise is not enabled.
  Result: 專業沒有開啟 。
3170250471: TRANSLATED
  Original: Expertise handler for weapon is null; this shouldn't happen and you may want to inform the developer.
  Result: 武器專業處理器是無效的; 這不該發生, 您可能要通知開發者 。
WARNING 3591926048: token order differs (expected ['0', '1', '2', '3', '4', '5', '6', '7', '8', '9', '10', '11', '12', '13', '14', '15', '16'], got ['0', '12', '1', '2', '13', '3', '4', '14', '5', '6', '7', '8', '15', '9', '10', '16', '11'])
3591926048: TRANSLATED
  Original: Your weapon expertise is [<color=white>{ExpertiseData.Key}</color>][<color=#90EE90>{prestigeLevel}</color>] and you have <color=yellow>{progress}</color> <color=#FFC0CB>expertise</color> (<color=white>{GetLevelProgress(steamId, handler)}%</color>) with <color=#c0c0c0>{weaponType}</color>!
  Result: 你的專業武器是<color=white>{ExpertiseData.Key}</color><color=#90EE90>{prestigeLevel}</color>,你有<color=yellow>{progress}</color>。 <color=#FFC0CB></color> (<color=white>{GetLevelProgress(steamId, handler)})% </color> 与<color=#c0c0c0>{weaponType}</color>的專家!
WARNING 3489173133: token order differs (expected ['0', '1', '2', '3'], got ['0', '2', '1', '3'])
3489173133: TRANSLATED
  Original: <color=#c0c0c0>{weaponType}</color> Stats: {bonuses}
  Result: <color=#c0c0c0>{weaponType}</color>{bonuses}
3863739608: TRANSLATED
  Original: No bonuses from currently equipped weapon.
  Result: 目前武器沒有獎金
WARNING 4023020194: token order differs (expected ['0', '1', '2'], got ['0', '2', '1'])
4023020194: TRANSLATED
  Original: You haven't gained any expertise for <color=#c0c0c0>{weaponType}</color> yet!
  Result: 你還沒獲得任何專業資訊<color=#c0c0c0>{weaponType}</color>呢!
736301693: SKIPPED (token mismatch (expected ['0', '1', '2', '3', '4'], got ['4']))
  Original: Expertise logging is now {(GetPlayerBool(steamId, WEAPON_LOG_KEY) ? "<color=green>enabled</color>" : "<color=red>disabled</color>")}.
  Result: 專業伐木現在[[TOKEN_4]]。
27929505: TRANSLATED
  Original: Invalid stat, use '<color=white>.wep lst</color>' to see valid options.
  Result: 不合法的stat, 使用 `<color=white>. wep Ist </color>' 來查看有效的選項 。
WARNING 1880632188: token order differs (expected ['0', '1', '2', '3', '4', '5'], got ['0', '4', '1', '2', '5', '3'])
1880632188: TRANSLATED
  Original: <color=#00FFFF>{finalWeaponStat}</color> has been chosen for <color=#c0c0c0>{finalWeaponType}</color>!
  Result: <color=#00FFFF>{finalWeaponStat}</color>被選為<color=#c0c0c0>{finalWeaponType}</color>!
2008856310: TRANSLATED
  Original: Invalid weapon choice, use '<color=white>.wep lst</color>' to see valid options.
  Result: 無效的武器選擇, 使用 ' <color=white>. wep Ist </color> 以查看有效的選項 。
WARNING 3274700132: token order differs (expected ['0', '1', '2'], got ['0', '2', '1'])
3274700132: TRANSLATED
  Original: Your weapon stats have been reset for <color=#c0c0c0>{weaponType}</color>!
  Result: 您的武器數據已重置  <color=#c0c0c0> {weaponType} </color> !
WARNING 719993404: token order differs (expected ['0', '1', '2', '3', '4', '5'], got ['0', '4', '1', '2', '5', '3'])
719993404: TRANSLATED
  Original: You don't have the required item to reset your weapon stats! (<color=#ffd9eb>{item.GetLocalizedName()}</color>x<color=white>{quantity}</color>)
  Result: 你沒必要重設武器數據! (<color=#ffd9eb>{item.GetLocalizedName()}</color>x <color=white>{quantity}</color>).
2128999876: TRANSLATED
  Original: Level must be between 0 and {ConfigService.MaxExpertiseLevel}.
  Result: 等級必須在 0 到 {ConfigService.MaxExpertiseLevel} 之間 。
2252129438: TRANSLATED
  Original: Invalid weapon type.
  Result: 不合法的武器類型 。
2480816305: SKIPPED (token mismatch (expected ['0', '1', '2', '3', '4', '5', '6', '7', '8'], got ['0', '6', '1', '2', '7', '3', '8', '5']))
  Original: <color=#c0c0c0>{expertiseHandler.GetWeaponType()}</color> expertise set to [<color=white>{level}</color>] for <color=green>{playerInfo.User.CharacterName.Value}</color>
  Result: [[TOKEN_0]][[TOKEN_6]][[TOKEN_1]] 專家被設為[[TOKEN_2]][[TOKEN_7]][[TOKEN_3]][[TOKEN_8]][[TOKEN_5]]。
3013651462: TRANSLATED
  Original: Couldn't find matching save method for weapon type...
  Result: 找不到武器類型的匹配保存方法...
2965167816: TRANSLATED
  Original: No weapon stats available at this time.
  Result: 目前沒有武器數據
WARNING 3084457547: token order differs (expected ['0', '1', '2'], got ['0', '2', '1'])
3084457547: TRANSLATED
  Original: Available Weapon Expertises: <color=#c0c0c0>{weaponTypes}</color>
  Result: 可用的武器專家 : <color=#c0c0c0>{weaponTypes}</color>
2202242526: TRANSLATED
  Original: Extra spell slots are not enabled.
  Result: 未開啟附加的拼字槽 。
2998300513: SKIPPED (token mismatch (expected ['0', '1', '2', '3'], got ['2', '3']))
  Original: Invalid slot (<color=white>1</color> for Q or <color=white>2</color> for E)
  Result: Q 或 [[TOKEN_2]] 2 [[TOKEN_3]] E 的不合法槽(TKEN_01
WARNING 3761416018: token order differs (expected ['0', '1', '2', '3', '4', '5'], got ['0', '4', '1', '2', '5', '3'])
3761416018: TRANSLATED
  Original: First unarmed slot set to <color=white>{new PrefabGUID(ability).GetPrefabName()}</color> for <color=green>{playerInfo.User.CharacterName.Value}</color>.
  Result: <color=white>{new PrefabGUID(ability).GetPrefabName()}</color>用于<color=green>{playerInfo.User.CharacterName.Value}</color>的第一个非武装插槽。
WARNING 1826355702: token order differs (expected ['0', '1', '2', '3', '4', '5'], got ['0', '4', '1', '2', '5', '3'])
1826355702: TRANSLATED
  Original: Second unarmed slot set to <color=white>{new PrefabGUID(ability).GetPrefabName()}</color> for <color=green>{playerInfo.User.CharacterName.Value}</color>.
  Result: <color=white>{new PrefabGUID(ability).GetPrefabName()}</color>的第二个非武装插槽,用于<color=green>{playerInfo.User.CharacterName.Value}</color>。
2712082651: TRANSLATED
  Original: Radius must be positive!
  Result: 半徑一定是正數 !
1846116445: TRANSLATED
  Original: Extra spell slots for unarmed are not enabled.
  Result: 不啟用非武裝的附加拼字槽 。
446698782: TRANSLATED
  Original: Spells cannot be locked when using exoform.
  Result: 使用外形時不能鎖定拼字 。
313887201: TRANSLATED
  Original: Change spells to the ones you want in your unarmed slots. When done, toggle this again.
  Result: 把咒語換成你手無寸鐵的空位 完成後,再切一次
121410310: TRANSLATED
  Original: Spells locked.
  Result: 拼字鎖定 。
4061888430: TRANSLATED
  Original: Blood Legacies are not enabled.
  Result: 血液遺產無法啟動 。
3361608225: TRANSLATED
  Original: Invalid blood, use '.bl l' to see options.
  Result: 無效的血液, 請使用 '. blll' 來查看選擇 。
18401539: TRANSLATED
  Original: Invalid blood legacy.
  Result: 無效的血統
3254231727: SKIPPED (token mismatch (expected ['0', '1', '2', '3', '4', '5', '6', '7', '8', '9', '10', '11', '12', '13', '14', '15', '16'], got ['0', '12', '1', '2', '13', '3', '14', '5', '6', '7', '8', '15', '9', '10', '16', '11']))
  Original: You're level [<color=white>{data.Key}</color>][<color=#90EE90>{prestigeLevel}</color>] with <color=yellow>{progress}</color> <color=#FFC0CB>essence</color> (<color=white>{BloodSystem.GetLevelProgress(steamId, handler)}%</color>) in <color=red>{handler.GetBloodType()}</color>!
  Result: 您的關卡  [[TOKEN_0]] [[TOKEN_12]] [[TOKEN_1]][[TOKEN_2]][[TOKEN_13]][[TOKEN_3]] , [[TOKEN_14]][[TOKEN_5]][[TOKEN_6]][[TOKEN_7]] ([[TOKEN_8]][[TOKEN_15]])% [[TOKEN_9]] 在[[TOKEN_10]][[TOKEN_16]][[TOKEN_11]]中!
WARNING 1711931034: token order differs (expected ['0', '1', '2', '3'], got ['0', '2', '1', '3'])
1711931034: TRANSLATED
  Original: <color=red>{bloodType}</color> Stats: {bonuses}
  Result: <color=red>{bloodType}</color>{bonuses}
WARNING 939340687: token order differs (expected ['0', '1', '2', '3', '4'], got ['0', '4', '1', '2', '3'])
939340687: TRANSLATED
  Original: No stats selected for <color=red>{bloodType}</color>, use <color=white>'.bl lst'</color> to see valid options.
  Result: 沒有選取 <color=red>{bloodType}</color> 、 使用 <color=white>'. blist </color> 來查看有效的選項 。
WARNING 226227140: token order differs (expected ['0', '1', '2'], got ['0', '2', '1'])
226227140: TRANSLATED
  Original: No progress in <color=red>{handler.GetBloodType()}</color> yet.
  Result: <color=red>{handler.GetBloodType()}</color> 尚未進步。
4051608029: SKIPPED (token mismatch (expected ['0', '1', '2', '3', '4'], got ['4']))
  Original: Blood Legacy logging {(GetPlayerBool(steamId, BLOOD_LOG_KEY) ? "<color=green>enabled</color>" : "<color=red>disabled</color>")}.
  Result: 血統伐木[[TOKEN_4]]。
3335571950: TRANSLATED
  Original: Legacies are not enabled.
  Result: 遺產未啟用 。
2194796157: TRANSLATED
  Original: Invalid blood stat, use '<color=white>.bl lst</color>' to see valid options.
  Result: 無效的血液stat, 使用 '<color=white>. blist </color>' 來查看有效的選項 。
WARNING 2785130336: token order differs (expected ['0', '1', '2', '3', '4', '5'], got ['0', '4', '1', '2', '5', '3'])
2785130336: TRANSLATED
  Original: <color=#00FFFF>{finalBloodStat}</color> selected for <color=red>{finalBloodType}</color>!
  Result: <color=#00FFFF>{finalBloodStat}</color>被選入<color=red>{finalBloodType}</color>!
4126149106: TRANSLATED
  Original: Invalid blood type, use '<color=white>.bl l</color>' to see valid options.
  Result: 無效的血型, 使用 '<color=white>. bl l </color>' 查看有效的選項 。
4258273173: TRANSLATED
  Original: Invalid blood legacy, use '<color=white>.bl l</color>' to see valid options.
  Result: 無效的血傳統, 使用 '<color=white>. bl l </color>' 來查看有效的選項 。
WARNING 1298892920: token order differs (expected ['0', '1', '2'], got ['0', '2', '1'])
1298892920: TRANSLATED
  Original: No legacy available for <color=white>{bloodType}</color>.
  Result: 找不到 <color=white>{bloodType}</color> 的遺產。
WARNING 1740355579: token order differs (expected ['0', '1', '2'], got ['0', '2', '1'])
1740355579: TRANSLATED
  Original: Your blood stats have been reset for <color=red>{bloodType}</color>!
  Result: 您的血數已重置  <color=red> {bloodType} </color> !
WARNING 1449977777: token order differs (expected ['0', '1', '2', '3', '4', '5'], got ['0', '4', '1', '2', '5', '3'])
1449977777: TRANSLATED
  Original: You do not have the required item to reset your blood stats (<color=#ffd9eb>{item.GetLocalizedName()}</color>x<color=white>{quantity}</color>)
  Result: 您沒有重置血液數據所需的項目( <color=#ffd9eb>{item.GetLocalizedName()}</color>x <color=white>{quantity}</color>) 。
WARNING 1690022722: token order differs (expected ['0', '1', '2'], got ['0', '2', '1'])
1690022722: TRANSLATED
  Original: Your blood stats have been reset for <color=red>{bloodType}</color>.
  Result: 您的血液數據已重置 <color=red> {bloodType} </color> 。
1680589832: TRANSLATED
  Original: No blood stats available at this time.
  Result: 目前沒有血液數據
1108347105: TRANSLATED
  Original: Level must be between 0 and {ConfigService.MaxBloodLevel}.
  Result: 等級必須在 0 到 {ConfigService.MaxBloodLevel} 之間 。
2196432591: SKIPPED (token mismatch (expected ['0', '1', '2', '3', '4', '5', '6', '7', '8'], got ['0', '6', '1', '2', '7', '3', '8', '5']))
  Original: <color=red>{BloodHandler.GetBloodType()}</color> legacy set to [<color=white>{level}</color>] for <color=green>{foundUser.CharacterName}</color>
  Result: [[TOKEN_0]][[TOKEN_6]][[TOKEN_1]] 遺產被設為[[TOKEN_2]][[TOKEN_7]][[TOKEN_3]][[TOKEN_8]][[TOKEN_5]]。
WARNING 85537047: token order differs (expected ['0', '1', '2'], got ['0', '2', '1'])
85537047: TRANSLATED
  Original: Available Blood Legacies: <color=red>{bloodTypesList}</color>
  Result: 可用的血液遺產 : <color=red>{bloodTypesList}</color>
1381058165: TRANSLATED
  Original: Familiars are not enabled.
  Result: 相識者無法啟動 。
WARNING 1716911803: token order differs (expected ['0', '1', '2'], got ['0', '2', '1'])
1716911803: SKIPPED (looks untranslated)
  Original: <color=white>{box}</color>:
  Result: <color=white>{box}</color>:
WARNING 863911874: token order differs (expected ['0', '1', '2', '3', '4', '5'], got ['0', '4', '1', '2', '5', '3'])
863911874: TRANSLATED
  Original: <color=yellow>{count}</color>| <color=green>{famName}</color>{(familiarBuffsData.FamiliarBuffs.ContainsKey(famKey) ? $
  Result: <color=yellow>{count}</color> ** <color=green>{famName}</color>{(familiar BuffsData.FamiliarBuffs.ContinsKey(famKey)) ? $
1066178325: TRANSLATED
  Original: No active box! Try using <color=white>'.fam sb [Name]'</color> if you know the familiar you're looking for. (use quotes for names with a space)
  Result: 沒有有效的盒子! 試著使用 <color=white>'. fam sb Name' </color>, 如果你知道自己要找的熟悉人。 (有空格的名字使用引文)
2462277004: TRANSLATED
  Original: Couldn't find active box!
  Result: 找不到有效的盒子!
1977482431: TRANSLATED
  Original: Familiar Boxes:
  Result: 熟悉的盒子 :
2321621014: SKIPPED (sentinel missing)
  Original: {fams}
  Result: [[Token_0]]] [ [敲門]
854134032: TRANSLATED
  Original: You don't have any unlocks yet!
  Result: 你還沒有解鎖!
WARNING 321106656: token order differs (expected ['0', '1', '2'], got ['0', '2', '1'])
321106656: TRANSLATED
  Original: Box Selected - <color=white>{name}</color>
  Result: 選取的框 - <color=white>{name}</color>
2465841402: TRANSLATED
  Original: Couldn't find box!
  Result: 找不到盒子!
WARNING 698362524: token order differs (expected ['0', '1', '2', '3', '4', '5'], got ['0', '4', '1', '2', '5', '3'])
698362524: TRANSLATED
  Original: Box <color=white>{current}</color> renamed - <color=yellow>{name}</color>
  Result: 框 <color=white>{current}</color> 更名 - <color=yellow>{name}</color>
1575879194: TRANSLATED
  Original: Couldn't find box to rename or there's already a box with that name!
  Result: 找不到可以重命名的盒子 不然就已經有這個名字的盒子了
WARNING 823180732: token order differs (expected ['0', '1', '2', '3', '4', '5'], got ['0', '4', '1', '2', '5', '3'])
823180732: TRANSLATED
  Original: <color=green>{PrefabGUID.GetLocalizedName()}</color> moved - <color=white>{name}</color>
  Result: <color=green>{PrefabGUID.GetLocalizedName()}</color> 移 - <color=white>{name}</color>
3236338434: TRANSLATED
  Original: Box is full!
  Result: 箱子滿了!
WARNING 2213724716: token order differs (expected ['0', '1', '2'], got ['0', '2', '1'])
2213724716: TRANSLATED
  Original: Deleted box - <color=white>{name}</color>
  Result: 已刪除的框 -  <color=white>{name}</color>
4289445665: TRANSLATED
  Original: Box is not empty!
  Result: 盒子不是空的!
WARNING 3279926559: token order differs (expected ['0', '1', '2'], got ['0', '2', '1'])
3279926559: TRANSLATED
  Original: Added box - <color=white>{name}</color>
  Result: 新增框 - <color=white>{name}</color>
WARNING 2724064627: token order differs (expected ['0', '1', '2'], got ['0', '2', '1'])
2724064627: TRANSLATED
  Original: Must have at least one unit unlocked to start adding boxes. Additionally, the total number of boxes cannot exceed <color=yellow>{BOX_CAP}</color>.
  Result: 必須有至少一個單位解鎖, 才能開始新增盒子 。 此外,盒的總數不得超过<color=yellow>{BOX_CAP}</color>。
2648123409: TRANSLATED
  Original: VBlood familiars are not enabled.
  Result: VBloud 熟悉的無法啟用 。
2179875375: TRANSLATED
  Original: VBlood purchasing is not enabled.
  Result: VBloud 購物無法啟動 。
2721627196: TRANSLATED
  Original: Couldn't find matching vBlood!
  Result: 找不到匹配的VBLOOD!
1976698463: TRANSLATED
  Original: Multiple matches, please be more specific!
  Result: 多點火柴,請說清楚!
WARNING 3052690511: token order differs (expected ['0', '1', '2'], got ['0', '2', '1'])
3052690511: TRANSLATED
  Original: <color=white>{vBloodPrefabGuid.GetLocalizedName()}</color> is not available per configured familiar bans!
  Result: <color=white>{vBloodPrefabGuid.GetLocalizedName()}</color>不可用每一個設定的熟悉的禁止!
WARNING 3195375072: token order differs (expected ['0', '1', '2'], got ['0', '2', '1'])
3195375072: TRANSLATED
  Original: <color=white>{vBloodPrefabGuid.GetLocalizedName()}</color> is already unlocked!
  Result: <color=white>{vBloodPrefabGuid.GetLocalizedName()}</color> 已經解鎖了!
3380184352: TRANSLATED
  Original: Unable to verify cost for {vBloodPrefabGuid.GetPrefabName()}!
  Result: 無法驗證 {vBloodPrefabGuid.GetPrefabName()} 的費用 !
WARNING 3498334942: token order differs (expected ['0', '1', '2'], got ['0', '2', '1'])
3498334942: TRANSLATED
  Original: Unable to verify exo prestige reward item! (<color=yellow>{exoItem}</color>)
  Result: 無法驗證 Exo 威望獎賞項目 ! (<color=yellow>{exoItem}</color>)
WARNING 4255236631: token order differs (expected ['0', '1', '2'], got ['0', '2', '1'])
4255236631: TRANSLATED
  Original: New unit unlocked: <color=green>{vBloodPrefabGuid.GetLocalizedName()}</color>
  Result: 新單位解鎖 : <color=green> {vBloodPrefabGuid.GetLocalizedName()} </color>
2191580006: SKIPPED (token mismatch (expected ['0', '1', '2', '3', '4', '5', '6'], got ['0', '4', '1', '2', '5', '3']))
  Original: Not enough <color=#ffd9eb>{exoItem.GetLocalizedName()}</color>x<color=white>{factoredCost}</color> for {vBloodPrefabGuid.GetPrefabName()}!
  Result: [[TOKEN_0]][[TOKEN_4]][[TOKEN_1]]x [[TOKEN_2]][[TOKEN_5]][[TOKEN_3]] 不夠!
1809964020: TRANSLATED
  Original: Unable to verify tier for {vBloodPrefabGuid.GetPrefabName()}! Shouldn't really happen at this point and may want to inform the developer.
  Result: 無法驗證 {vBloodPrefabGuid.GetPrefabName()} 的等級 ! 此刻不該真的發生 可能要通知開發者 。
WARNING 1057363547: token order differs (expected ['0', '1', '2', '3', '4', '5', '6', '7'], got ['0', '1', '2', '6', '3', '4', '7', '5'])
1057363547: TRANSLATED
  Original: Invalid choice, please use <color=white>1</color> to <color=white>{familiarSet.Count}</color> (Current List:<color=yellow>{activeBox}</color>)
  Result: 無效的選項, 請使用  <color=white> 1  </color> 到  <color=white>  {familiarSet.Count}  </color> 。 (目前的列表:<color=yellow>{activeBox}</color>)
WARNING 780970161: token order differs (expected ['0', '1', '2', '3', '4', '5'], got ['0', '4', '1', '2', '5', '3'])
780970161: TRANSLATED
  Original: <color=green>{familiarId.GetLocalizedName()}</color> removed from <color=white>{activeBox}</color>.
  Result: <color=green>{familiarId.GetLocalizedName()}</color> 被移出<color=white>{activeBox}</color>。
615667259: TRANSLATED
  Original: Couldn't find active familiar box to remove from...
  Result: 找不到可用的熟悉的盒子可以移除...
210979117: TRANSLATED
  Original: You can't call a familiar when using dominating presence!
  Result: 你不能用支配性的存在來稱呼熟人!
744989655: TRANSLATED
  Original: You can't call a familiar when using batform!
  Result: 你用蝙蝠形的時候不能叫熟人!
3960937922: TRANSLATED
  Original: You can't toggle combat for a familiar when using dominating presence!
  Result: 你不能為了熟悉的戰鬥 利用支配性的存在
3219279796: TRANSLATED
  Original: You can't toggle combat for a familiar when using batform!
  Result: 你不能為了熟悉的戰鬥 利用蝙蝠形
2720898024: TRANSLATED
  Original: You can't toggle combat for a familiar in PvP/PvE combat!
  Result: 你不能為了熟悉的 PvP/PvE 戰鬥而切換戰鬥!
3946665029: SKIPPED (token mismatch (expected ['0', '1', '2', '3', '4'], got ['4']))
  Original: Emote actions {(GetPlayerBool(steamId, EMOTE_ACTIONS_KEY) ? "<color=green>enabled</color>" : "<color=red>disabled</color>")}!
  Result: 啟動 [[TOKEN_4]] !
WARNING 2709293439: token order differs (expected ['0', '1', '2', '3', '4', '5', '6', '7', '8', '9', '10', '11', '12', '13'], got ['0', '10', '1', '2', '11', '3', '4', '12', '5', '6', '7', '8', '13', '9'])
2709293439: TRANSLATED
  Original: Your familiar is level [<color=white>{xpData.Key}</color>][<color=#90EE90>{prestigeLevel}</color>] and has <color=yellow>{progress}</color> <color=#FFC0CB>experience</color> (<color=white>{percent}%</color>)!
  Result: 你的熟悉度是<color=white>{xpData.Key}</color><color=#90EE90>{prestigeLevel}</color>,并且有<color=yellow>{progress}</color>。 <color=#FFC0CB></color> (<color=white>{percent})% </color>!
2794958495: SKIPPED (sentinel missing)
  Original: {line}
  Result: [[Token_0]]] [ [敲門]
488752679: TRANSLATED
  Original: Level must be between 1 and {ConfigService.MaxFamiliarLevel}
  Result: 等級必須在 1 到  {ConfigService.MaxFamiliarLevel} 之間 。
WARNING 1440602422: token order differs (expected ['0', '1', '2', '3', '4', '5'], got ['0', '4', '1', '2', '5', '3'])
1440602422: TRANSLATED
  Original: Active familiar for <color=green>{user.CharacterName.Value}</color> has been set to level <color=white>{level}</color>.
  Result: <color=green>{user.CharacterName.Value}</color>的活性熟悉度已定為 <color=white>{level}</color>。
2526362535: TRANSLATED
  Original: Couldn't find active familiar....
  Result: 感覺不太熟悉...
701382701: TRANSLATED
  Original: Familiar prestige is not enabled.
  Result: 熟悉的聲望無法啟動。
802918832: TRANSLATED
  Original: Familiar is already at maximum number of prestiges!
  Result: 熟人已經是最高聲望了!
WARNING 1391708521: token order differs (expected ['0', '1', '2'], got ['0', '2', '1'])
1391708521: TRANSLATED
  Original: Your familiar has prestiged [<color=#90EE90>{prestigeLevel}</color>]!
  Result: 你熟悉的威望<color=#90EE90>{prestigeLevel}</color>!
WARNING 3235862068: token order differs (expected ['0', '1', '2', '3', '4', '5'], got ['0', '4', '1', '2', '5', '3'])
3235862068: TRANSLATED
  Original: Your familiar has prestiged [<color=#90EE90>{prestigeLevel}</color>] and is now level <color=white>{newXP.Key}</color>!
  Result: 您熟悉的聲望 <color=#90EE90>{prestigeLevel}</color> , 現在為平面 <color=white>{newXP.Key}</color>!
WARNING 54858227: token order differs (expected ['0', '1', '2', '3', '4', '5', '6', '7', '8'], got ['0', '6', '1', '2', '7', '3', '4', '8', '5'])
54858227: TRANSLATED
  Original: Your familiar has prestiged [<color=#90EE90>{prestigeLevel}</color>] and is now level <color=white>{newXP.Key}</color>! (+<color=#00FFFF>{FamiliarPrestigeStats[value]}</color>)
  Result: 你熟悉的聲望<color=#90EE90>{prestigeLevel}</color>,現在是水平<color=white>{newXP.Key}</color>! (+<color=#00FFFF>{FamiliarPrestigeStats[value]}</color>)).
WARNING 3334433396: token order differs (expected ['0', '1', '2', '3', '4', '5', '6', '7', '8', '9', '10'], got ['0', '8', '1', '2', '9', '3', '4', '5', '6', '10', '7'])
3334433396: TRANSLATED
  Original: Familiar attempting to prestige must be at max level (<color=white>{ConfigService.MaxFamiliarLevel}</color>) or requires <color=#ffd9eb>{_itemSchematic.GetLocalizedName()}</color><color=yellow>x</color><color=white>{clampedCost}</color>.
  Result: 想要聲望的熟人必須在最大水平(<color=white>{ConfigService.MaxFamiliarLevel}</color>)或需要<color=#ffd9eb>{_itemSchematic.GetLocalizedName()}</color><color=yellow>x</color><color=white>{clampedCost}</color>)。
2169705185: TRANSLATED
  Original: Couldn't find active familiar for prestiging!
  Result: 無法找到活性熟悉的豫章!
1469754031: TRANSLATED
  Original: Looks like your familiar is still able to be found; unbind it normally after calling if it's dismissed instead.
  Result: 看來你的熟人還是能找到的, 通常在打完電話後把它拆掉, 如果它被撤銷了。
628275031: TRANSLATED
  Original: Familiar actives and followers cleared.
  Result: 熟人和追隨者被清除。
2474938940: TRANSLATED
  Original: Couldn't find matching familiar in boxes.
  Result: 在盒子里找不到相配的
4055019293: TRANSLATED
  Original: Couldn't find any matches...
  Result: 找不到火柴...
1939118629: TRANSLATED
  Original: You don't have any unlocked familiars yet.
  Result: 你還沒有解鎖的熟人
1516467471: TRANSLATED
  Original: You haven't unlocked any familiars yet!
  Result: 你還沒解開任何熟人!
284459823: TRANSLATED
  Original: Multiple matches found! SmartBind doesn't support this yet... (WIP)
  Result: 找到多個火柴! SmartBind還不支持這個... (WIP)
2165480178: TRANSLATED
  Original: Couldn't find matching shinyBuff from entered spell school. (options: blood, storm, unholy, chaos, frost, illusion)
  Result: 找不到相配的閃亮的魔咒學校 (選擇:血液、暴風雨、惡毒、混亂、霜霜、幻覺)
1581983564: TRANSLATED
  Original: Shiny added! Rebind familiar to see effects. Use '<color=white>.fam option shiny</color>' to toggle (no chance to apply spell school debuff on hit if shiny buffs are disabled).
  Result: 光亮加了! 重視效果很熟悉 用 '<color=white>. fam 選項閃亮 </color>' 來切換( 如果閃亮的 buffs 已關閉, 沒有機會施用拼字學校去除按鍵 )。
WARNING 2682530289: token order differs (expected ['0', '1', '2', '3', '4', '5'], got ['0', '4', '1', '2', '5', '3'])
2682530289: TRANSLATED
  Original: You don't have the required amount of <color=#ffd9eb>{_vampiricDust.GetLocalizedName()}</color>! (x<color=white>{clampedCost}</color>)
  Result: 您沒有所需的數量  <color=#ffd9eb> {_vampiricDust.GetLocalizedName()} </color> ! (x <color=white>{clampedCost}</color>) 。
53933494: TRANSLATED
  Original: Shiny changed! Rebind familiar to see effects. Use '<color=white>.fam option shiny</color>' to toggle (no chance to apply spell school debuff on hit if shiny buffs are disabled).
  Result: 光亮變了! 重視效果很熟悉 用 '<color=white>. fam 選項閃亮 </color>' 來切換( 如果閃亮的 buffs 已關閉, 沒有機會施用拼字學校去除按鍵 )。
WARNING 2486628899: token order differs (expected ['0', '1', '2', '3', '4', '5'], got ['0', '4', '1', '2', '5', '3'])
2486628899: TRANSLATED
  Original: You don't have the required amount of <color=#ffd9eb>{_vampiricDust.GetLocalizedName()}</color>! (x<color=white>{changeQuantity}</color>)
  Result: 您沒有所需的數量  <color=#ffd9eb> {_vampiricDust.GetLocalizedName()} </color> ! (x <color=white>{changeQuantity}</color>) 。
3170335283: TRANSLATED
  Original: Couldn't find active familiar...
  Result: 找不到熟悉的...
1354182381: TRANSLATED
  Original: Valid options: {validOptions}
  Result: 有效的選項 : {validOptions}
318734715: TRANSLATED
  Original: Familiar battles are not enabled.
  Result: 熟悉的戰鬥無法啟動 。
1228611582: TRANSLATED
  Original: Familiar Battle Groups:
  Result: 熟悉的戰鬥群組:
3819833139: TRANSLATED
  Original: You have no battle groups.
  Result: 你們沒有戰鬥團體
1081599663: TRANSLATED
  Original: No active battle group selected! Use <color=white>.fam cbg [Name]</color> to select one.
  Result: 沒有選擇正戰群組 ! 使用 <color=white>. fam cbg 名稱</color> 選取 。
WARNING 3628025920: token order differs (expected ['0', '1', '2'], got ['0', '2', '1'])
3628025920: TRANSLATED
  Original: Active battle group set to <color=white>{groupName}</color>.
  Result: <color=white>{groupName}</color>。
480925981: TRANSLATED
  Original: Battle group not found.
  Result: 找不到戰鬥群組 。
WARNING 3862629133: token order differs (expected ['0', '1', '2'], got ['0', '2', '1'])
3862629133: TRANSLATED
  Original: Battle group <color=white>{groupName}</color> created.
  Result: <color=white>{groupName}</color>。
3182929151: TRANSLATED
  Original: Slot input out of range! (use <color=white>1, 2,</color> or <color=white>3</color>)
  Result: 輸入過程 ! (使用 <color=white> 1、2 </color> 或 <color=white> 3 </color>)
WARNING 1894878159: token order differs (expected ['0', '1', '2', '3'], got ['0', '2', '1', '3'])
1894878159: TRANSLATED
  Original: Familiar assigned to <color=white>{groupName}</color> in slot {slotIndex}.
  Result: 分配到 <color=white> {groupName}</color> 插槽 {slotIndex} 的熟悉者。
WARNING 4162514026: token order differs (expected ['0', '1', '2'], got ['0', '2', '1'])
4162514026: TRANSLATED
  Original: Deleted battle group <color=white>{groupName}</color>.
  Result: 已刪除的戰鬥群組 <color=white>{groupName}</color>。
WARNING 907868427: token order differs (expected ['0', '1', '2', '3', '4', '5'], got ['0', '4', '1', '2', '5', '3'])
907868427: TRANSLATED
  Original: Position in queue: <color=white>{position}</color> (<color=yellow>{Misc.FormatTimespan(timeRemaining)}</color>)
  Result: 排隊位置 : <color=white>{position}</color> (<color=yellow>{Misc.FormatTimespan(timeRemaining)}</color>)
2129553669: TRANSLATED
  Original: You're not currently queued for battle! Use '<color=white>.fam challenge [PlayerName]</color>' to challenge another player.
  Result: 你們目前沒有排隊打仗! 用 '<color=white>. fam 挑戰 PlayerName</color> 挑戰另一個玩家 。
WARNING 2968342812: token order differs (expected ['0', '1', '2', '3', '4', '5'], got ['0', '4', '1', '2', '5', '3'])
2968342812: TRANSLATED
  Original: You can't challenge another player while queued for battle! Position in queue: <color=white>{position}</color> (<color=yellow>{Misc.FormatTimespan(timeRemaining)}</color>)
  Result: 你不能在排隊打仗的時候挑戰另一個玩家! 排隊位置 : <color=white>{position}</color> (<color=yellow>{Misc.FormatTimespan(timeRemaining)}</color>)
3664649404: TRANSLATED
  Original: You can't challenge yourself!
  Result: 你不能挑戰自己!
WARNING 2228202821: token order differs (expected ['0', '1', '2'], got ['0', '2', '1'])
2228202821: TRANSLATED
  Original: <color=green>{playerInfo.User.CharacterName}</color> is already queued for battle!
  Result: <color=green>{playerInfo.User.CharacterName}</color> 已經排隊打仗了!
349704338: TRANSLATED
  Original: Can't challenge another player until an existing challenge expires or is declined!
  Result: 不能挑戰另一個玩家, 直到目前的挑戰結束或被拒絕 !
WARNING 2817263998: token order differs (expected ['0', '1', '2'], got ['0', '2', '1'])
2817263998: TRANSLATED
  Original: <color=green>{playerInfo.User.CharacterName}</color> already has a pending challenge!
  Result: <color=green>{playerInfo.User.CharacterName}</color> 已經有一個待決的挑戰了!
WARNING 1231839381: token order differs (expected ['0', '1', '2', '3', '4'], got ['0', '4', '1', '2', '3'])
1231839381: TRANSLATED
  Original: Challenged <color=white>{playerInfo.User.CharacterName.Value}</color> to a battle! (<color=yellow>30s</color> until it expires)
  Result: <color=white>{playerInfo.User.CharacterName.Value}</color> 戰鬥! (<color=yellow> 30s </color> 直至到期)
3761848707: TRANSLATED
  Original: Familiar arena position set, battle service started! (only one arena currently allowed)
  Result: 熟悉的竞技場位置,戰役開始了! (目前只允許一個竞技場)
2557313311: TRANSLATED
  Original: Familiar arena position changed! (only one arena currently allowed)
  Result: 熟悉的竞技場位置改變了! (目前只允許一個竞技場)
1836101498: TRANSLATED
  Original: Quests are not enabled.
  Result: 查詢沒有開啟 。
2271729042: SKIPPED (token mismatch (expected ['0', '1', '2', '3', '4'], got ['4']))
  Original: Quest logging is now {(GetPlayerBool(steamId, QUEST_LOG_KEY) ? "<color=green>enabled</color>" : "<color=red>disabled</color>")}.
  Result: 查詢記錄現在是 [[TOKEN_4]] 。
1955962459: TRANSLATED
  Original: Invalid quest type. (daily/weekly or d/w)
  Result: 不合法的探險類型 。 (每日/每周或每日)
4007697799: TRANSLATED
  Original: You don't have any quests yet, check back soon.
  Result: 你還沒有任何探險,快回去吧
2563987683: TRANSLATED
  Original: Target cache isn't ready yet, check back shortly!
  Result: 目標缓存還沒準備好 快回去
3823143990: TRANSLATED
  Original: You don't have any quests yet, check back soon!
  Result: 你還沒有任何探險,快回來!
WARNING 3878896595: token order differs (expected ['0', '1', '2'], got ['0', '2', '1'])
3878896595: TRANSLATED
  Original: Quests for <color=green>{playerInfo.User.CharacterName.Value}</color> have been refreshed.
  Result: <color=green>{playerInfo.User.CharacterName.Value}</color> 的查詢已刷新。
334075444: TRANSLATED
  Original: Invalid quest type. (Daily/Weekly)
  Result: 不合法的探險類型 。 (每日/周刊)
1952946751: TRANSLATED
  Original: You've already completed your <color=#00FFFF>Daily Quest</color> today. Check back tomorrow.
  Result: 今天你已經完成了你的<color=#00FFFF>每日查询</color>。 明天再查一遍
WARNING 860320001: token order differs (expected ['0', '1', '2', '3', '4', '5', '6', '7'], got ['0', '1', '2', '6', '3', '4', '7', '5'])
860320001: TRANSLATED
  Original: Your <color=#00FFFF>Daily Quest</color> has been rerolled for <color=#C0C0C0>{item.GetLocalizedName()}</color> x<color=white>{quantity}</color>!
  Result: 您的 <color=#00FFFF> 每日查詢 </color> 已重新輸入 <color=#C0C0C0>{item.GetLocalizedName()}</color> x <color=white>{quantity}</color> !
WARNING 1985982508: token order differs (expected ['0', '1', '2', '3', '4', '5'], got ['0', '4', '1', '2', '5', '3'])
1985982508: TRANSLATED
  Original: You couldn't afford to reroll your daily... (<color=#C0C0C0>{item.GetLocalizedName()}</color> x<color=white>{quantity}</color>)
  Result: (<color=#C0C0C0>{item.GetLocalizedName()}</color><color=white>{quantity}</color>)
677562659: TRANSLATED
  Original: No daily reroll item configured or couldn't find daily quest entry for player.
  Result: 沒有設定每日回滾項目, 或找不到玩家的每日搜尋項目 。
1677522996: TRANSLATED
  Original: You've already completed your <color=#BF40BF>Weekly Quest</color>. Check back next week.
  Result: 你已經完成了你的<color=#BF40BF> Weekly Quest </color>. 下周再查
WARNING 4009901629: token order differs (expected ['0', '1', '2', '3', '4', '5', '6', '7'], got ['0', '1', '2', '6', '3', '4', '7', '5'])
4009901629: TRANSLATED
  Original: Your <color=#BF40BF>Weekly Quest</color> has been rerolled for <color=#C0C0C0>{item.GetLocalizedName()}</color> x<color=white>{quantity}</color>!
  Result: 您的 <color=#BF40BF></color> 已重新輸入 <color=#C0C0C0>{item.GetLocalizedName()}</color> x <color=white>{quantity}</color> !
WARNING 707311945: token order differs (expected ['0', '1', '2', '3', '4', '5'], got ['0', '4', '1', '2', '5', '3'])
707311945: TRANSLATED
  Original: You couldn't afford to reroll your wekly... (<color=#C0C0C0>{item.GetLocalizedName()}</color> x<color=white>{quantity}</color>)
  Result: (<color=#C0C0C0>{item.GetLocalizedName()}</color><color=white>{quantity}</color>)
2402916111: TRANSLATED
  Original: No weekly reroll item configured or couldn't find weekly quest entry for player.
  Result: 沒有設定每周回滾項目, 或是找不到玩家每周的搜尋項目 。
3719118489: TRANSLATED
  Original: Player has no active quests!
  Result: 玩家沒有行動的追求!
563018011: TRANSLATED
  Original: Invalid quest type '{questTypeName}'. Valid values are: {string.Join(
  Result: 無效的探險類型 '{questTypeName}' 。 有效的值是 : { string. 加入( C)
3751423711: TRANSLATED
  Original: Player does not have an active {questType} quest to complete.
  Result: 玩家沒有執行 {questType} 的求完成 。
998944061: SKIPPED (token mismatch (expected ['0', '1'], got ['0']))
  Original: The {questType} quest is already complete for {playerInfo.User.CharacterName.Value}.
  Result: [[TOKEN_0]]的探險已經完成。
1496603105: TRANSLATED
  Original: Leveling is not enabled.
  Result: 關閉未開啟 。
107297214: SKIPPED (token mismatch (expected ['0', '1', '2', '3', '4'], got ['4']))
  Original: Level logging {(GetPlayerBool(steamId, EXPERIENCE_LOG_KEY) ? "<color=green>enabled</color>" : "<color=red>disabled</color>")}.
  Result: 等級日志 [[TOKEN_4]]。
WARNING 743696282: token order differs (expected ['0', '1', '2', '3', '4', '5', '6', '7', '8', '9', '10', '11', '12', '13'], got ['0', '10', '1', '2', '11', '3', '4', '12', '5', '6', '7', '8', '13', '9'])
743696282: TRANSLATED
  Original: You're level [<color=white>{level}</color>][<color=#90EE90>{prestigeLevel}</color>] with <color=yellow>{progress}</color> <color=#FFC0CB>experience</color> (<color=white>{percent}%</color>)!
  Result: <color=white>{level}</color><color=#90EE90>{prestigeLevel}</color> 与<color=yellow>{progress}</color>的關卡。 <color=#FFC0CB></color> (<color=white>{percent})% </color>!
2051256929: SKIPPED (token mismatch (expected ['0', '1', '2', '3', '4', '5', '6'], got ['0', '6', '1', '2', '3']))
  Original: <color=#FFD700>{roundedXP}</color> bonus <color=#FFC0CB>experience</color> remaining from <color=green>resting</color>~
  Result: [[TOKEN_0]][[TOKEN_6]][[TOKEN_1]] 獎金[[TOKEN_2]][[TOKEN_3]]
400324857: TRANSLATED
  Original: You haven't earned any experience yet!
  Result: 你還沒獲得任何經驗!
WARNING 3681675424: token order differs (expected ['0', '1', '2', '3', '4'], got ['0', '1', '2', '4', '3'])
3681675424: TRANSLATED
  Original: Level must be between <color=white>0</color> and <color=white>{ConfigService.MaxLevel}</color>!
  Result: 等級必須介于 <color=white> 0 </color> 和 <color=white>{ConfigService.MaxLevel}</color> 之間 !
WARNING 2437634726: token order differs (expected ['0', '1', '2', '3', '4', '5'], got ['0', '4', '1', '2', '5', '3'])
2437634726: TRANSLATED
  Original: Level set to <color=white>{level}</color> for <color=green>{foundUser.CharacterName.Value}</color>!
  Result: <color=white>{level}</color>的關卡 <color=green>{foundUser.CharacterName.Value}</color>!
1254994229: TRANSLATED
  Original: Couldn't find experience data for {foundUser.CharacterName.Value}
  Result: 找不到 {foundUser.CharacterName.Value} 的經驗資料 。
WARNING 160628229: token order differs (expected ['0', '1', '2'], got ['0', '2', '1'])
160628229: TRANSLATED
  Original: <color=green>{playerInfo.User.CharacterName.Value}</color> added to the ignore shared experience list!
  Result: <color=green>{playerInfo.User.CharacterName.Value}</color>新增到被忽略的共享經驗清單中!
WARNING 1725928464: token order differs (expected ['0', '1', '2'], got ['0', '2', '1'])
1725928464: TRANSLATED
  Original: <color=green>{playerInfo.User.CharacterName.Value}</color> removed from the ignore shared experience list!
  Result: <color=green>{playerInfo.User.CharacterName.Value}</color> 從被忽略的分享經驗清單中移除!
317079168: TRANSLATED
  Original: Professions are not enabled.
  Result: 職業不能啟動 。
1548584430: SKIPPED (token mismatch (expected ['0', '1', '2', '3', '4'], got ['4']))
  Original: Profession logging is now {(GetPlayerBool(steamId, PROFESSION_LOG_KEY) ? "<color=green>enabled</color>" : "<color=red>disabled</color>")}.
  Result: 專業伐木現在是[[TOKEN_4]]。
2935471585: TRANSLATED
  Original: Valid professions: {ProfessionFactory.GetProfessionNames()}
  Result: 有效职业:{ProfessionFactory.GetProfessionNames()}
134200388: TRANSLATED
  Original: Invalid profession.
  Result: 不合法的專業 。
216725398: SKIPPED (token mismatch (expected ['0', '1', '2', '3', '4', '5', '6', '7', '8', '9', '10', '11'], got ['0', '8', '1', '2', '9', '3', '4', '6', '10', '7', '11']))
  Original: You're level [<color=white>{data.Key}</color>] and have <color=yellow>{progress}</color> <color=#FFC0CB>proficiency</color> (<color=white>{ProfessionSystem.GetLevelProgress(steamId, professionHandler)}%</color>) in {professionHandler.GetProfessionName()}
  Result: 你們是[[TOKEN_0]][[TOKEN_8]][[TOKEN_1]],而且有[[TOKEN_2]][[TOKEN_9]][[TOKEN_3]][[TOKEN_4]] 效率[[TOKEN_6]][[TOKEN_10]]%[[TOKEN_7]]在[[TOKEN_11]]中。
1201875369: TRANSLATED
  Original: No progress in {professionHandler.GetProfessionName()} yet!
  Result: {professionHandler.GetProfessionName()} 尚未進步 !
2095668308: TRANSLATED
  Original: Level must be between 0 and {MAX_PROFESSION_LEVEL}.
  Result: 等級必須在 0 到 {MAX_PROFESSION_LEVEL} 之間 。
WARNING 2554001784: token order differs (expected ['0', '1', '2', '3', '4', '5', '6'], got ['4', '0', '5', '1', '2', '6', '3'])
2554001784: TRANSLATED
  Original: {professionHandler.GetProfessionName()} set to [<color=white>{level}</color>] for <color=green>{playerInfo.User.CharacterName.Value}</color>
  Result: {professionHandler.GetProfessionName()} 设定為 <color=white>{level}</color><color=green>{playerInfo.User.CharacterName.Value}</color>。
3320804900: TRANSLATED
  Original: Available professions: {ProfessionFactory.GetProfessionNames()}
  Result: 现有专业:{ProfessionFactory.GetProfessionNames()}
2410464917: TRANSLATED
  Original: Classes are not enabled.
  Result: 類別未開啟 。
947371822: TRANSLATED
  Original: You've selected {FormatClassName(playerClass)}!
  Result: 你已經選擇了 {FormatClassName(playerClass)} !
WARNING 714432788: token order differs (expected ['0', '1', '2', '3', '4', '5', '6', '7', '8'], got ['6', '0', '1', '2', '7', '3', '4', '8', '5'])
714432788: TRANSLATED
  Original: You've already selected {FormatClassName(currentClass.Value)}, use <color=white>'.class c [Class]'</color> to change. (<color=#ffd9eb>{new PrefabGUID(ConfigService.ChangeClassItem).GetLocalizedName()}</color>x<color=white>{ConfigService.ChangeClassQuantity}</color>)
  Result: 您已選擇 {FormatClassName(currentClass.Value)} , 請使用 <color=white> 的 c 級 Class</color> 來改變 。 (<color=#ffd9eb>{new PrefabGUID(ConfigService.ChangeClassItem).GetLocalizedName()}</color>x <color=white>{ConfigService.ChangeClassQuantity}</color>).
173404118: TRANSLATED
  Original: Shift spells are not enabled.
  Result: 無法啟動 Shift 咒語 。
24953571: TRANSLATED
  Original: Can't change or activate class spells when inventory is full, need at least one space to safely handle jewels when switching.
  Result: 不能變更或啟動等級咒語, 切換時至少需要一個空間來安全處理珠寶 。
2497805382: TRANSLATED
  Original: No spells for {FormatClassName(playerClass.Value)} configured!
  Result: 沒有設定 {FormatClassName(playerClass.Value)} 的拼法 !
2645405211: TRANSLATED
  Original: Invalid spell, use '<color=white>.class lsp</color>' to see options.
  Result: 無效的拼寫, 使用 ' <color=white>. class Isp </color> 以查看選項 。
677404705: TRANSLATED
  Original: No spell for class default configured!
  Result: 沒有設定類別預設的拼字 !
1562141642: TRANSLATED
  Original: You don't have the required prestige level for that spell!
  Result: 你對咒語沒權力
2001389111: TRANSLATED
  Original: Invalid spell, use <color=white>'.class lsp'</color> to see options.
  Result: 無效的拼寫, 使用 <color=white>'. class Isp' </color> 來查看選項 。
20873033: TRANSLATED
  Original: You haven't selected a class or you haven't activated shift spells! (<color=white>'.class s [Class]'</color> | <color=white>'.class shift'</color>)
  Result: 你沒有選擇課,或者你沒有啟動值班咒語! (<color=white>'. class s </color><color=white>'. class shift' </color>).
4140406916: TRANSLATED
  Original: You haven't selected a class yet, use <color=white>'.class s [Class]'</color> instead.
  Result: 您尚未選擇類別, 請使用 <color=white>'. class s Class' </color> 代替 。
1282509635: TRANSLATED
  Original: You have class buffs enabled, use <color=white>'.class passives'</color> to disable them before changing classes!
  Result: 您已啟動類別的 buffs, 使用 <color=white> 的. class 被动檔 </color> 在換課前禁用它們 !
501637283: TRANSLATED
  Original: Class changed to {FormatClassName(playerClass)}!
  Result: 班級改為 {FormatClassName(playerClass)} !
3938051122: TRANSLATED
  Original: Classes: {classTypes}
  Result: 類別 : {classTypes}
167244174: TRANSLATED
  Original: Classes are not enabled and spells can't be set to shift.
  Result: 課程未啟動, 拼寫無法設定移動 。
3730830670: TRANSLATED
  Original: Shift slots are not enabled.
  Result: 移位未開啟 。
349267262: TRANSLATED
  Original: Can't change or active class spells when inventory is full, need at least one space to safely handle jewels when switching.
  Result: 不能變更或啟動的類別咒語 。
4066899438: TRANSLATED
  Original: Shift spell <color=green>enabled</color>!
  Result: 移動符咒 <color=green> 啟動 </color> !
2320898349: TRANSLATED
  Original: Shift spell <color=red>disabled</color>!
  Result: Shift 拼寫  <color=red> 已失效 </color> !
3756348742: TRANSLATED
  Original: Reminders {0}.
  Result: {0}。
1769980541: TRANSLATED
  Original: Couldn't find bool key from scrolling text type...
  Result: 從滚动的文字型態中找不到 bol 金鑰...
WARNING 4003734136: token order differs (expected ['0', '1', '2', '3'], got ['0', '2', '1', '3'])
4003734136: TRANSLATED
  Original: <color=white>{0}</color> scrolling text {1}.
  Result: <color=white>{0}</color> 滚动文本{1}。
2069903402: TRANSLATED
  Original: Starter kit is not enabled.
  Result: 未啟動啟動套件 。
2817800174: TRANSLATED
  Original: You've received a starting kit with:
  Result: 你收到了一個啟動器:
2316405313: SKIPPED (sentinel missing)
  Original: {0}
  Result: [[Token_0]]] [ [敲門]
2303740299: TRANSLATED
  Original: You've already used your starting kit!
  Result: 你已經用過你的起步套了!
3125108847: TRANSLATED
  Original: You are now prepared for the hunt!
  Result: 你已經準備好去打獵了!
3399068440: SKIPPED (token mismatch (expected ['0', '1', '2', '3', '4', '5', '6', '7', '8', '9', '10', '11', '12', '13', '14', '15', '16', '17', '18', '19', '20', '21', '22', '23', '24', '25', '26', '27', '28', '29'], got ['0', '10', '26', '12', '24', '3', '4', '6', '25', '7', '8', '9', '10', '26', '12', '11', '13', '14', '15', '16']))
  Original: <color=white>VBloods Slain</color>: <color=#FF5733>{0}</color> | <color=white>Units Killed</color>: <color=#FFD700>{1}</color> | <color=white>Deaths</color>: <color=#808080>{2}</color> | <color=white>Time Online</color>: <color=#1E90FF>{3}</color>hr | <color=white>Distance Traveled</color>: <color=#32CD32>{4}</color>kf | <color=white>Blood Consumed</color>: <color=red>{5}</color>L
  Result: [[TOKEN_0]]:[[TOKEN_10]][[TOKEN_26]][[TOKEN_12]]Time在线[[TOKEN_24]][[TOKEN_3]][[TOKEN_4]] 被殺的單位:[[TOKEN_6]][[TOKEN_25]][[TOKEN_7]][[TOKEN_8]]死亡[[TOKEN_9]]:[[TOKEN_10]][[TOKEN_26]][[TOKEN_12]]Time在线[[TOKEN_11]]:[[TOKEN_13]]:[[TOKEN_14]][[TOKEN_15]][[TOKEN_16]]
1345204457: TRANSLATED
  Original: This command should only be used as required and certainly not while in combat.
  Result: 此命令只應按要求使用,
3732046729: TRANSLATED
  Original: Combat music cleared!
  Result: 戰鬥音樂清除!
479209254: TRANSLATED
  Original: Experience rate reduction for leveling no longer applies for exo prestiging.
  Result: 平整的經驗降低率 不再适用于預期外觀
1443941563: TRANSLATED
  Original: Removed prestige buffs from all players.
  Result: 取消了所有玩家的聲望
1286090332: SKIPPED (token mismatch (expected ['0', '1', '2', '3', '4', '5', '6', '7', '8', '9', '10', '11', '12', '13', '14', '15', '16'], got ['0', '12', '1', '2', '13', '3', '14', '5', '6', '7', '8', '15', '9', '10', '16', '11']))
  Original: You're level [<color=white>{data.Key}</color>][<color=#90EE90>{prestigeLevel}</color>] with <color=yellow>{progress}</color> <color=#FFC0CB>essence</color> (<color=white>{BloodSystem.GetLevelProgress(ctx.Event.User.PlatformId, handler)}%</color>) in <color=red>{handler.GetBloodType()}</color>!
  Result: 您的關卡  [[TOKEN_0]] [[TOKEN_12]] [[TOKEN_1]][[TOKEN_2]][[TOKEN_13]][[TOKEN_3]] , [[TOKEN_14]][[TOKEN_5]][[TOKEN_6]][[TOKEN_7]] ([[TOKEN_8]][[TOKEN_15]])% [[TOKEN_9]] 在[[TOKEN_10]][[TOKEN_16]][[TOKEN_11]]中!
WARNING 3066749917: token order differs (expected ['0', '1', '2', '3', '4', '5', '6', '7', '8', '9', '10', '11', '12', '13', '14', '15', '16'], got ['0', '11', '1', '12', '2', '3', '13', '4', '5', '14', '6', '7', '15', '8', '9', '16', '10'])
3066749917: TRANSLATED
  Original: <color=green>{famName}</color>{(buffsData.FamiliarBuffs.ContainsKey(familiarId) ? $"{colorCode}*</color>" : "")} [<color=white>{level}</color>][<color=#90EE90>{prestiges}</color>] added to <color=white>{groupName}</color>! (<color=yellow>{slotIndex}</color>)
  Result: <color=green>{famName}</color>{(buffsData.FamiliarBuffs.ContesKey(familiar))_BAR__BAR__BAR__BAR__BAR__BAR__BAR__BAR__BAR__BAR__BAR__BAR__BAR__BAR__BAR__BAR_ Id) $"{colorCode}*</color>":"<color=white>{level}</color><color=#90EE90>{prestiges}</color> 加上<color=white>{groupName}</color>! (<color=yellow>{slotIndex}</color>)
1465975319: TRANSLATED
  Original: Reminders {0}.
  Result: {0}。
WARNING 1945389717: token order differs (expected ['0', '1', '2', '3'], got ['0', '2', '1', '3'])
1945389717: TRANSLATED
  Original: <color=white>{0}</color> scrolling text {1}.
  Result: <color=white>{0}</color> 滚动文本{1}。
WARNING 2511919794: token order differs (expected ['0', '1', '2', '3', '4', '5', '6', '7', '8', '9'], got ['0', '5', '1', '2', '6', '3', '7', '4', '8', '9'])
2511919794: TRANSLATED
  Original: <color=yellow>{count}</color>| <color=green>{famName}</color>{(familiarBuffsData.FamiliarBuffs.ContainsKey(famKey) ? $"{colorCode}*</color> {levelAndPrestiges}" : $" {levelAndPrestiges}")}
  Result: <color=yellow>{count}</color>** <color=green>{famName}</color>{(familiar BuffsData.FamiliarBuffs.ContsKey(famKey)? $"{colorCode}*</color>{levelAndPrestiges}: ${levelAndPrestiges}
508045935: SKIPPED (token mismatch (expected ['0', '1', '2', '3', '4'], got ['4']))
  Original: Emote actions {(GetPlayerBool(steamId, EMOTE_ACTIONS_KEY) ? "<color=green>enabled</color>" : "<color=red>disabled</color>")}!
  Result: 啟動 [[TOKEN_4]] !
52573990: SKIPPED (token mismatch (expected ['0', '1', '2', '3', '4'], got ['4']))
  Original: Expertise logging is now {(GetPlayerBool(steamId, WEAPON_LOG_KEY) ? "<color=green>enabled</color>" : "<color=red>disabled</color>")}.
  Result: 專業伐木現在[[TOKEN_4]]。
1904876515: SKIPPED (token mismatch (expected ['0', '1', '2', '3', '4'], got ['4']))
  Original: Quest logging is now {(GetPlayerBool(steamId, QUEST_LOG_KEY) ? "<color=green>enabled</color>" : "<color=red>disabled</color>")}.
  Result: 查詢記錄現在是 [[TOKEN_4]] 。
3706417587: TRANSLATED
  Original: Invalid quest type '{questTypeName}'. Valid values are: {string.Join(", ", Enum.GetNames(typeof(QuestType)))}
  Result: 無效的探險類型 '{questTypeName}' 。 有效值是 : {string.Join(", ", Enum.GetNames(typeof(QuestType)))}
1095669519: SKIPPED (token mismatch (expected ['0', '1', '2', '3', '4'], got ['4']))
  Original: Level logging {(GetPlayerBool(SteamID, EXPERIENCE_LOG_KEY) ? "<color=green>enabled</color>" : "<color=red>disabled</color>")}.
  Result: 等級日志 [[TOKEN_4]]。
3112026815: SKIPPED (token mismatch (expected ['0', '1', '2', '3', '4'], got ['4']))
  Original: Profession logging is now {(GetPlayerBool(steamId, PROFESSION_LOG_KEY) ? "<color=green>enabled</color>" : "<color=red>disabled</color>")}.
  Result: 專業伐木現在是[[TOKEN_4]]。
542066310: SKIPPED (token mismatch (expected ['0', '1', '2', '3', '4'], got ['4']))
  Original: Blood Legacy logging {(GetPlayerBool(steamId, BLOOD_LOG_KEY) ? "<color=green>enabled</color>" : "<color=red>disabled</color>")}.
  Result: 血統伐木[[TOKEN_4]]。
881612152: SKIPPED (token mismatch (expected ['0', '1', '2', '3', '4', '5', '6'], got ['0', '1', '6']))
  Original: Exo form emote action (<color=white>taunt</color>) {(GetPlayerBool(steamId, SHAPESHIFT_KEY) ? "<color=green>enabled</color>" : "<color=red>disabled</color>")}
  Result: exo form emote 動作 ([[TOKEN_0]] 突擊 [[TOKEN_1]]) ([[TOKEN_6]])
2978826451: SKIPPED (token mismatch (expected ['0', '1', '2', '3', '4', '5', '6', '7', '8', '9', '10', '11', '12', '13', '14', '15', '16'], got ['0', '11', '1', '14', '6', '7', '15', '8', '9', '16', '10']))
  Original: <color=green>{famName}</color>{(buffsData.FamiliarBuffs.ContainsKey(familiarId) ? "{colorCode}*</color>" : "")} [<color=white>{level}</color>][<color=#90EE90>{prestiges}</color>] added to <color=white>{groupName}</color>! (<color=yellow>{slotIndex}</color>)
  Result: [[TOKEN_0]][[TOKEN_11]][[TOKEN_1]]{(buken_5[[TOKEN_14]][[TOKEN_6]] 加入[[TOKEN_7]][[TOKEN_15]][[TOKEN_8]]! ([[TOKEN_9]][[TOKEN_16]][[TOKEN_10]])
1669157395: TRANSLATED
  Original: Your bag feels slightly heavier...
  Result: 你的包有點重...
2346236465: TRANSLATED
  Original: Something fell out of your bag!
  Result: 你的包里有東西掉出來了!
WARNING 835889078: token order differs (expected ['0', '1', '2'], got ['0', '2', '1'])
835889078: TRANSLATED
  Original: Can't have more than <color=white>{0}</color> battle groups!
  Result: <color=white>{0}</color>的戰鬥群組!
WARNING 361092587: token order differs (expected ['0', '1', '2'], got ['0', '2', '1'])
361092587: TRANSLATED
  Original: Deleted battle group <color=white>{0}</color>!
  Result: 已刪除的戰鬥群組 <color=white>{0}</color>!
2673031653: TRANSLATED
  Original: Battle Group - {0}
  Result: 戰鬥群組 - {0}
WARNING 2272306226: token order differs (expected ['0', '1', '2', '3', '4', '5'], got ['0', '4', '1', '2', '5', '3'])
2272306226: TRANSLATED
  Original: <color=green>{0}</color> moved - <color=white>{1}</color>
  Result: <color=green>{0}</color> 移 - <color=white>{1}</color>
WARNING 4226920647: token order differs (expected ['0', '1', '2'], got ['0', '2', '1'])
4226920647: TRANSLATED
  Original: <color=white>{0}</color> is not available per configured familiar bans!
  Result: <color=white>{0}</color>不可用每一個設定的熟悉的禁止!
WARNING 1695244872: token order differs (expected ['0', '1', '2'], got ['0', '2', '1'])
1695244872: TRANSLATED
  Original: <color=white>{0}</color> is already unlocked!
  Result: <color=white>{0}</color> 已經解鎖了!
WARNING 2428442751: token order differs (expected ['0', '1', '2'], got ['0', '2', '1'])
2428442751: TRANSLATED
  Original: New unit unlocked: <color=green>{0}</color>
  Result: 新單位解鎖 : <color=green> {0} </color>
3938781329: SKIPPED (token mismatch (expected ['0', '1', '2', '3', '4', '5', '6'], got ['0', '4', '1', '2', '5', '3']))
  Original: Not enough <color=#ffd9eb>{0}</color>x<color=white>{1}</color> for {2}!
  Result: [[TOKEN_0]][[TOKEN_4]][[TOKEN_1]]x [[TOKEN_2]][[TOKEN_5]][[TOKEN_3]] 不夠!
WARNING 3139406824: token order differs (expected ['0', '1', '2', '3', '4', '5'], got ['0', '4', '1', '2', '5', '3'])
3139406824: TRANSLATED
  Original: <color=green>{0}</color> removed from <color=white>{1}</color>.
  Result: <color=green>{0}</color> 被移出<color=white>{1}</color>。
WARNING 3055272330: token order differs (expected ['0', '1', '2', '3', '4', '5', '6', '7', '8', '9', '10'], got ['0', '8', '1', '2', '9', '3', '4', '5', '6', '10', '7'])
3055272330: TRANSLATED
  Original: Familiar attempting to prestige must be at max level (<color=white>{0}</color>) or requires <color=#ffd9eb>{1}</color><color=yellow>x</color><color=white>{2}</color>.
  Result: 想要聲望的熟人必須在最大水平(<color=white>{0}</color>)或需要<color=#ffd9eb>{1}</color><color=yellow>x</color><color=white>{2}</color>)。
WARNING 66882170: token order differs (expected ['0', '1', '2', '3', '4', '5'], got ['0', '4', '1', '2', '5', '3'])
66882170: TRANSLATED
  Original: You don't have the required amount of <color=#ffd9eb>{0}</color>! (x<color=white>{1}</color>)
  Result: 您沒有所需的數量  <color=#ffd9eb> {0} </color> ! (x <color=white>{1}</color>) 。
617911048: TRANSLATED
  Original: Reminders {0}.
  Result: {0}。
WARNING 1651916565: token order differs (expected ['0', '1', '2', '3'], got ['0', '2', '1', '3'])
1651916565: TRANSLATED
  Original: <color=white>{0}</color> scrolling text {1}.
  Result: <color=white>{0}</color> 滚动文本{1}。
931800025: SKIPPED (sentinel missing)
  Original: {0}
  Result: [[Token_0]]] [ [敲門]
3402815477: SKIPPED (token mismatch (expected ['0', '1', '2', '3', '4', '5', '6', '7', '8', '9', '10', '11', '12', '13', '14', '15', '16', '17', '18', '19', '20', '21', '22', '23', '24', '25', '26', '27', '28', '29'], got ['0', '10', '26', '12', '24', '3', '4', '6', '25', '7', '8', '9', '10', '26', '12', '11', '13', '14', '15', '16']))
  Original: <color=white>VBloods Slain</color>: <color=#FF5733>{0}</color> | <color=white>Units Killed</color>: <color=#FFD700>{1}</color> | <color=white>Deaths</color>: <color=#808080>{2}</color> | <color=white>Time Online</color>: <color=#1E90FF>{3}</color>hr | <color=white>Distance Traveled</color>: <color=#32CD32>{4}</color>kf | <color=white>Blood Consumed</color>: <color=red>{5}</color>L
  Result: [[TOKEN_0]]:[[TOKEN_10]][[TOKEN_26]][[TOKEN_12]]Time在线[[TOKEN_24]][[TOKEN_3]][[TOKEN_4]] 被殺的單位:[[TOKEN_6]][[TOKEN_25]][[TOKEN_7]][[TOKEN_8]]死亡[[TOKEN_9]]:[[TOKEN_10]][[TOKEN_26]][[TOKEN_12]]Time在线[[TOKEN_11]]:[[TOKEN_13]]:[[TOKEN_14]][[TOKEN_15]][[TOKEN_16]]
493237764: TRANSLATED
  Original: Level logging {0}.
  Result: 等級記錄 {0}.
WARNING 3326145371: token order differs (expected ['0', '1', '2', '3', '4', '5', '6', '7', '8', '9', '10', '11', '12', '13'], got ['0', '10', '1', '2', '11', '3', '4', '12', '5', '6', '7', '8', '13', '9'])
3326145371: TRANSLATED
  Original: You're level [<color=white>{0}</color>][<color=#90EE90>{1}</color>] with <color=yellow>{2}</color> <color=#FFC0CB>experience</color> (<color=white>{3}%</color>)!
  Result: <color=white>{0}</color><color=#90EE90>{1}</color> 与<color=yellow>{2}</color>的關卡。 <color=#FFC0CB></color> (<color=white>{3})% </color>!
2537547396: SKIPPED (token mismatch (expected ['0', '1', '2', '3', '4', '5', '6'], got ['0', '6', '1', '2', '3']))
  Original: <color=#FFD700>{0}</color> bonus <color=#FFC0CB>experience</color> remaining from <color=green>resting</color>~
  Result: [[TOKEN_0]][[TOKEN_6]][[TOKEN_1]] 獎金[[TOKEN_2]][[TOKEN_3]]
WARNING 842146063: token order differs (expected ['0', '1', '2', '3', '4'], got ['0', '1', '2', '4', '3'])
842146063: TRANSLATED
  Original: Level must be between <color=white>0</color> and <color=white>{0}</color>!
  Result: 等級必須介于 <color=white> 0 </color> 和 <color=white>{0}</color> 之間 !
WARNING 566938273: token order differs (expected ['0', '1', '2', '3', '4', '5'], got ['0', '4', '1', '2', '5', '3'])
566938273: TRANSLATED
  Original: Level set to <color=white>{0}</color> for <color=green>{1}</color>!
  Result: <color=white>{0}</color>的關卡 <color=green>{1}</color>!
2828720719: TRANSLATED
  Original: Couldn't find experience data for {0}
  Result: 找不到 {0} 的經驗資料 。
WARNING 3097544876: token order differs (expected ['0', '1', '2'], got ['0', '2', '1'])
3097544876: TRANSLATED
  Original: <color=green>{0}</color> added to the ignore shared experience list!
  Result: <color=green>{0}</color>新增到被忽略的共享經驗清單中!
WARNING 1446811317: token order differs (expected ['0', '1', '2'], got ['0', '2', '1'])
1446811317: TRANSLATED
  Original: <color=green>{0}</color> removed from the ignore shared experience list!
  Result: <color=green>{0}</color> 從被忽略的分享經驗清單中移除!
2137562404: TRANSLATED
  Original: Quest logging is now {0}.
  Result: {0}。
WARNING 2698551496: token order differs (expected ['0', '1', '2'], got ['0', '2', '1'])
2698551496: TRANSLATED
  Original: Quests for <color=green>{0}</color> have been refreshed.
  Result: <color=green>{0}</color> 的查詢已刷新。
WARNING 2286869349: token order differs (expected ['0', '1', '2', '3', '4', '5', '6', '7'], got ['0', '1', '2', '6', '3', '4', '7', '5'])
2286869349: TRANSLATED
  Original: Your <color=#00FFFF>Daily Quest</color> has been rerolled for <color=#C0C0C0>{0}</color> x<color=white>{1}</color>!
  Result: 您的 <color=#00FFFF> 每日查詢 </color> 已重新輸入 <color=#C0C0C0>{0}</color> x <color=white>{1}</color> !
WARNING 4273383622: token order differs (expected ['0', '1', '2', '3', '4', '5'], got ['0', '4', '1', '2', '5', '3'])
4273383622: TRANSLATED
  Original: You couldn't afford to reroll your daily... (<color=#C0C0C0>{0}</color> x<color=white>{1}</color>)
  Result: (<color=#C0C0C0>{0}</color><color=white>{1}</color>)
WARNING 370730849: token order differs (expected ['0', '1', '2', '3', '4', '5', '6', '7'], got ['0', '1', '2', '6', '3', '4', '7', '5'])
370730849: TRANSLATED
  Original: Your <color=#BF40BF>Weekly Quest</color> has been rerolled for <color=#C0C0C0>{0}</color> x<color=white>{1}</color>!
  Result: 您的 <color=#BF40BF></color> 已重新輸入 <color=#C0C0C0>{0}</color> x <color=white>{1}</color> !
WARNING 1315865629: token order differs (expected ['0', '1', '2', '3', '4', '5'], got ['0', '4', '1', '2', '5', '3'])
1315865629: TRANSLATED
  Original: You couldn't afford to reroll your wekly... (<color=#C0C0C0>{0}</color> x<color=white>{1}</color>)
  Result: (<color=#C0C0C0>{0}</color><color=white>{1}</color>)
3744708697: TRANSLATED
  Original: Invalid quest type '{0}'. Valid values are: {1}
  Result: 無效的探險類型 '{0}' 。 有效值是 : {1}
3648038609: TRANSLATED
  Original: Player does not have an active {0} quest to complete.
  Result: 玩家沒有執行 {0} 的求完成 。
692006723: SKIPPED (token mismatch (expected ['0', '1'], got ['0']))
  Original: The {0} quest is already complete for {1}.
  Result: [[TOKEN_0]]的探險已經完成。
2174214346: SKIPPED (token mismatch (expected ['0', '1', '2', '3'], got ['0', '3', '1']))
  Original: Completed {0} for <color=green>{1}</color>!
  Result: [[TOKEN_0]][[TOKEN_3]][[TOKEN_1]]完成 !
3637474013: SKIPPED (token mismatch (expected ['0', '1', '2', '3', '4', '5', '6', '7', '8', '9', '10', '11', '12', '13', '14', '15'], got ['0', '10', '1', '11', '2', '12', '3', '4', '13', '5', '8', '15', '9']))
  Original: <color=green>{0}</color>{1} [<color=white>{2}</color>][<color=#90EE90>{3}</color>] added to <color=white>{4}</color>! (<color=yellow>{5}</color>)
  Result: [[TOKEN_0]][[TOKEN_10]][[TOKEN_1]][[TOKEN_11]][[TOKEN_2]][[TOKEN_12]][[TOKEN_3]][[TOKEN_4]][[TOKEN_13]][[TOKEN_5]] ([[TOKEN_8]][[TOKEN_15]][[TOKEN_9]])
1218917876: SKIPPED (token mismatch (expected ['0'], got []))
  Original: Targets have all been killed, give them a chance to respawn! If this doesn't seem right consider rerolling your {0}.
  Result: 目標都死了 給他們一次重生的機會 如果這看來不正確,
WARNING 1105957988: token order differs (expected ['0', '1', '2', '3', '4', '5', '6'], got ['0', '4', '1', '2', '5', '3', '6'])
1105957988: TRANSLATED
  Original: Nearest <color=white>{0}</color> was <color=#00FFFF>{1}</color>f away to the {2}!
  Result: <color=white>{0}</color>是<color=#00FFFF>{1}</color> 離{2}遠一點!
800655279: SKIPPED (token mismatch (expected ['0', '1', '2', '3', '4', '5', '6', '7', '8', '9', '10', '11', '12', '13', '14', '15'], got ['10', '0', '11', '1', '12', '3', '4', '13', '5', '6', '14', '7', '8', '15', '9']))
  Original: {0}: <color=green>{1}</color> <color=white>{2}</color>x<color=#FFC0CB>{3}</color> [<color=white>{4}</color>/<color=yellow>{3}</color>]
  Result: [[TOKEN_10]]:[[TOKEN_0]][[TOKEN_11]][[TOKEN_1]][[TOKEN_12]][[TOKEN_3]]x[[TOKEN_4]][[TOKEN_13]][[TOKEN_5]][[TOKEN_6]][[TOKEN_14]][[TOKEN_7]][[TOKEN_8]][[TOKEN_15]][[TOKEN_9]]
WARNING 3499636759: token order differs (expected ['0', '1', '2', '3', '4', '5', '6', '7'], got ['4', '0', '5', '1', '6', '2', '7', '3'])
3499636759: TRANSLATED
  Original: Time until {0} reset - <color=yellow>{1}</color> | {2} Prefab: <color=white>{3}</color>
  Result: {0}重置 - <color=yellow>{1}</color>{2}前置: <color=white>{3}</color>
WARNING 2615857787: token order differs (expected ['0', '1', '2', '3', '4'], got ['2', '3', '0', '4', '1'])
2615857787: TRANSLATED
  Original: You've already completed your {0}! Time until {1} reset - <color=yellow>{2}</color>
  Result: 你已經完成了你的{0}! 直到{1}重置 - <color=yellow>{2}</color>
743202161: TRANSLATED
  Original: You don't have a {0}.
  Result: 你沒有{0}。
WARNING 3914295487: token order differs (expected ['0', '1', '2', '3', '4', '5'], got ['0', '4', '1', '2', '5', '3'])
3914295487: TRANSLATED
  Original: <color=green>{0}</color> added to <color=white>{1}</color>.
  Result: <color=green>{0}</color> 加入<color=white>{1}</color>。
WARNING 4052165110: token order differs (expected ['0', '1', '2', '3', '4', '5', '6', '7', '8'], got ['0', '6', '1', '2', '7', '3', '4', '8', '5'])
4052165110: TRANSLATED
  Original: <color=green>{0}</color> (<color=yellow>{1}</color>) added to <color=white>{2}</color>.
  Result: <color=green>{0}</color>(<color=yellow>{1}</color>) 添加到<color=white>{2}</color> 。
WARNING 2121377442: token order differs (expected ['0', '1', '2'], got ['0', '2', '1'])
2121377442: TRANSLATED
  Original: Your familiar has already prestiged the maximum number of times! (<color=white>{0}</color>)
  Result: 你熟悉的已經聲名大噪了! (<color=white>{0}</color>)
WARNING 935039462: token order differs (expected ['0', '1', '2', '3', '4', '5', '6', '7'], got ['0', '6', '1', '2', '7', '3', '4', '5'])
935039462: TRANSLATED
  Original: Familiar already has <color=#00FFFF>{0}</color> (<color=yellow>{1}</color>) from prestiging, use '<color=white>.fam lst</color>' to see options.
  Result: 熟人已經有 <color=#00FFFF> {0} </color> (<color=yellow>{1}</color> ) 從預估, 使用 '<color=white>. fam lst </color> 查看選項 。
4049081768: SKIPPED (token mismatch (expected ['0', '1', '2'], got []))
  Original: Your familiar has prestiged [<color=#90EE90>{0}</color>]; the accumulated knowledge allowed them to retain their level!
  Result: 你熟悉的知識使他們得以保持自己的水平。
1757634753: SKIPPED (token mismatch (expected ['0', '1', '2', '3', '4', '5'], got ['4', '1', '2', '5', '3']))
  Original: You do not have enough of the required item to change classes (<color=#ffd9eb>{0}</color>x<color=white>{1}</color>)
  Result: 您沒有足夠的項目來變更類別( Token_  [[TOKEN_4]] [[TOKEN_1]] x [[TOKEN_2]][[TOKEN_5]][[TOKEN_3]]) 。
WARNING 3637584655: token order differs (expected ['0', '1', '2', '3', '4', '5'], got ['0', '4', '1', '2', '5', '3'])
3637584655: TRANSLATED
  Original: Failed to remove enough of the item required (<color=#ffd9eb>{0}</color>x<color=white>{1}</color>)
  Result: 移除所需項目失敗 (<color=#ffd9eb>{0}</color>x <color=white>{1}</color>)
835968431: TRANSLATED
  Original: {0} passives not found!
  Result: {0} 被动者找不到!
559704045: TRANSLATED
  Original: {0} passives:
  Result: {0} 被动:
2637421818: TRANSLATED
  Original: Couldn't find stat synergies for {0}...
  Result: 找不到  {0} 的數據合力...
2323778454: TRANSLATED
  Original: No stat synergies found for {0}.
  Result: 找不到 {0} 的狀態合 。
WARNING 3613050716: token order differs (expected ['0', '1', '2', '3'], got ['2', '0', '3', '1'])
3613050716: TRANSLATED
  Original: {0} stat synergies [x<color=white>{1}</color>]:
  Result: {0} 统计协同x<color=white>{1}</color>:
9562573: TRANSLATED
  Original: {0} has no spells configured...
  Result:  {0} 沒有設定拼字...
2421466322: TRANSLATED
  Original: {0} spells:
  Result: {0} 拼法:
WARNING 885434933: token order differs (expected ['0', '1', '2'], got ['0', '2', '1'])
885434933: TRANSLATED
  Original: Shift spell: <color=#CBC3E3>{0}</color>
  Result: Shift 咒語 : <color=#CBC3E3> {0} </color>
WARNING 2214985381: token order differs (expected ['0', '1', '2'], got ['0', '2', '1'])
2214985381: TRANSLATED
  Original: <color=#90EE90>{0}</color> Prestige Info:
  Result: <color=#90EE90>{0}</color> 預覽資訊 :
WARNING 2316242941: token order differs (expected ['0', '1', '2', '3'], got ['0', '2', '1', '3'])
2316242941: TRANSLATED
  Original: Current Prestige Level: <color=yellow>{0}</color>/{1}
  Result: 目前預覽等級 : <color=yellow>{0}</color>/{1}
WARNING 203356865: token order differs (expected ['0', '1', '2'], got ['0', '2', '1'])
203356865: TRANSLATED
  Original: Growth rate increase for expertise and legacies: <color=green>{0}</color>
  Result: <color=green>{0}</color>
WARNING 132267140: token order differs (expected ['0', '1', '2'], got ['0', '2', '1'])
132267140: TRANSLATED
  Original: Growth rate reduction for experience: <color=yellow>{0}</color>
  Result: <color=yellow>{0}</color>
WARNING 608689499: token order differs (expected ['0', '1', '2', '3', '4', '5'], got ['0', '4', '1', '2', '5', '3'])
608689499: TRANSLATED
  Original: Growth rate reduction from <color=#90EE90>{0}</color> prestige level: <color=yellow>-{1}</color>
  Result: 從<color=#90EE90>{0}</color>聲望水平降低:<color=yellow>-{1}</color>
WARNING 2383766993: token order differs (expected ['0', '1', '2'], got ['0', '2', '1'])
2383766993: TRANSLATED
  Original: Stat bonuses improvement: <color=green>{0}</color>
  Result: 增益:<color=green>{0}</color>
WARNING 1899346128: token order differs (expected ['0', '1', '2'], got ['0', '2', '1'])
1899346128: TRANSLATED
  Original: Total change in growth rate including leveling prestige bonus: <color=yellow>{0}</color>
  Result: <color=yellow>{0}</color>
WARNING 1178832936: token order differs (expected ['0', '1', '2', '3', '4', '5', '6', '7', '8', '9', '10'], got ['0', '1', '2', '8', '3', '4', '9', '5', '6', '10', '7'])
1178832936: TRANSLATED
  Original: You have prestiged in <color=#90EE90>Experience</color>[<color=white>{0}</color>]! Growth rates for all expertise/legacies increased by <color=green>{1}</color>, experience from unit kills reduced by <color=red>{2}</color>.
  Result: 你在<color=#90EE90> 經驗</color><color=white>{0}</color> 中享有威望。 <color=green>{1}</color>, 單位殺人的經驗減少<color=red>{2}</color>。
1223341524: SKIPPED (token mismatch (expected ['0', '1', '2', '3', '4', '5', '6', '7', '8', '9', '10', '11', '12', '13', '14'], got ['0', '10', '1', '2', '11', '3', '4', '12', '5', '6', '13', '7']))
  Original: <color=#90EE90>{0}</color>[<color=white>{1}</color>] prestiged successfully! Growth rate reduced by <color=red>{2}</color> and stat bonuses improved by <color=green>{3}</color>. The total change in growth rate with leveling prestige bonus is <color=yellow>{4}</color>.
  Result: [[TOKEN_0]][[TOKEN_10]][[TOKEN_1]][[TOKEN_2]][[TOKEN_11]][[TOKEN_3]]聲望成功! [[TOKEN_4]][[TOKEN_12]][[TOKEN_5]] 的增長率和[[TOKEN_6]][[TOKEN_13]][[TOKEN_7]]的增益。 增長率的總變化,
