2025-08-31 00:14:37,591 INFO target_file=Resources/Localization/Messages/SChinese.json src=en dst=zh batch_size=100 timeout=60 max_retries=3 run_dir=/workspace/Bloodcraft/translations/zh/20250831-001437 git_commit=5b28f34a model_version=unknown
2025-08-31 00:14:37,592 INFO NOTE TO TRANSLATORS: **DO NOT** alter anything inside [[TOKEN_n]], <...> tags, or {...} variables.
2025-08-31 00:14:37,594 INFO Batch 1/3 start @ 0.00s
2025-08-31 00:14:39,410 INFO 3002809107: TRANSLATED
  Original: Prefab with GUID {guidHash} not found!
  Result: 没有找到带有 GUID {guidHash} 的预发文件 !
2025-08-31 00:14:39,410 INFO Batch 1/3 end @ 1.82s (1.82s)
2025-08-31 00:14:39,410 INFO Processed 1/5 lines
2025-08-31 00:14:39,410 INFO Batch 2/3 start @ 1.82s
2025-08-31 00:14:39,538 INFO 2597161495: TRANSLATED
  Original: No hovered entity!
  Result: 没有徘徊的实体!
2025-08-31 00:14:39,538 INFO 2660507905: TRANSLATED
  Original: No Castle Heart!
  Result: 没有城堡心!
2025-08-31 00:14:39,539 INFO 182159004: TRANSLATED
  Original: No Familiar Active!
  Result: 没有熟人活动!
2025-08-31 00:14:39,539 INFO Batch 2/3 end @ 1.94s (0.13s)
2025-08-31 00:14:39,539 INFO Processed 4/5 lines
2025-08-31 00:14:39,539 INFO Batch 3/3 start @ 1.94s
2025-08-31 00:14:39,650 WARNING 2336012040: token mismatch [dd89a2b8] (missing ['1']) — Suggested fix: add ['1']
2025-08-31 00:14:39,650 WARNING 2336012040: SKIPPED (token mismatch (missing ['1']) [dd89a2b8])
  Original: Renamed '{oldName}' to '{newName}'!
  Result: 重命名为 [[TOKEN_0]] !
2025-08-31 00:14:39,651 INFO Batch 3/3 end @ 2.06s (0.11s)
2025-08-31 00:14:39,651 INFO Processed 5/5 lines
2025-08-31 00:14:39,652 WARNING 2336012040: token mismatch [dd89a2b8] on strict retry (missing ['1'], unexpected []) — Suggested fix: add ['1']
2025-08-31 00:14:39,652 WARNING 2336012040: SKIPPED (token mismatch on strict retry (missing ['1'], unexpected []) [dd89a2b8])
  Original: Renamed '{oldName}' to '{newName}'!
  Result: Renamed '{oldName}' to '{newName}'!
2025-08-31 00:14:39,652 INFO Processed 3 batches in 2.06 seconds
2025-08-31 00:14:39,652 INFO Report breakdown: token_mismatch: 1
2025-08-31 00:14:42,534 INFO Wrote translations to /workspace/Bloodcraft/Resources/Localization/Messages/SChinese.json
2025-08-31 00:14:42,536 INFO Retrying 1 hash(es) from /workspace/Bloodcraft/translations/zh/20250831-001437/skipped.csv
2025-08-31 00:14:42,536 INFO NOTE TO TRANSLATORS: **DO NOT** alter anything inside [[TOKEN_n]], <...> tags, or {...} variables.
2025-08-31 00:14:42,537 INFO Batch 1/1 start @ 0.00s
2025-08-31 00:14:42,538 WARNING 2336012040: token mismatch [dd89a2b8] (missing ['1']) — Suggested fix: add ['1']
2025-08-31 00:14:42,539 WARNING 2336012040: SKIPPED (token mismatch (missing ['1']) [dd89a2b8])
  Original: Renamed '{oldName}' to '{newName}'!
  Result: 重命名为 [[TOKEN_0]] !
2025-08-31 00:14:42,539 INFO Batch 1/1 end @ 0.00s (0.00s)
2025-08-31 00:14:42,539 INFO Processed 1/1 lines
2025-08-31 00:14:42,540 WARNING 2336012040: token mismatch [dd89a2b8] on strict retry (missing ['1'], unexpected []) — Suggested fix: add ['1']
2025-08-31 00:14:42,540 WARNING 2336012040: SKIPPED (token mismatch on strict retry (missing ['1'], unexpected []) [dd89a2b8])
  Original: Renamed '{oldName}' to '{newName}'!
  Result: Renamed '{oldName}' to '{newName}'!
2025-08-31 00:14:42,540 INFO Processed 1 batches in 0.00 seconds
2025-08-31 00:14:42,540 INFO Report breakdown: token_mismatch: 1
2025-08-31 00:14:45,429 INFO Wrote translations to /workspace/Bloodcraft/Resources/Localization/Messages/SChinese.json
2025-08-31 00:14:45,430 WARNING Translation retries stalled; no progress on 1 hash(es)
2025-08-31 00:14:45,430 INFO Retrying 1 token mismatch hash(es) with lenient tokens
2025-08-31 00:14:45,431 INFO NOTE TO TRANSLATORS: **DO NOT** alter anything inside [[TOKEN_n]], <...> tags, or {...} variables.
2025-08-31 00:14:45,431 INFO Batch 1/1 start @ 0.00s
2025-08-31 00:14:45,432 WARNING 2336012040: token mismatch [dd89a2b8] (missing ['1']) — Suggested fix: add ['1']
2025-08-31 00:14:45,432 INFO 2336012040: TRANSLATED
  Original: Renamed '{oldName}' to '{newName}'!
  Result: 重命名为 {oldName} ! {newName}
2025-08-31 00:14:45,433 INFO Batch 1/1 end @ 0.00s (0.00s)
2025-08-31 00:14:45,433 INFO Processed 1/1 lines
2025-08-31 00:14:45,433 INFO Processed 1 batches in 0.00 seconds
2025-08-31 00:14:45,433 INFO Report breakdown: none
2025-08-31 00:14:48,258 INFO Wrote translations to /workspace/Bloodcraft/Resources/Localization/Messages/SChinese.json
2025-08-31 00:14:48,259 INFO Received 0 rows; deduplicated to 0 rows
2025-08-31 00:14:48,259 INFO Wrote skip report to /workspace/Bloodcraft/translations/zh/20250831-001437/skipped.csv with 0 row(s)
2025-08-31 00:14:48,259 INFO Summary: 5/5 translated, 0 skipped
